<?xml version="1.0" encoding="UTF-8"?>
<testsuite xmlns:xsi="http://www.w3.org/2001/XMLSchema-instance" xsi:noNamespaceSchemaLocation="https://maven.apache.org/surefire/maven-surefire-plugin/xsd/surefire-test-report.xsd" version="3.0.2" name="dev.vality.ccreporter.integration.DominantLookupIngestionIntegrationTest" time="4.226" tests="1" errors="0" skipped="0" failures="0">
  <properties>
[...]
</properties>
  <testcase name="dominantLookupUpdatesAreMonotonicAndTombstonesBlockStaleReinsert" classname="dev.vality.ccreporter.integration.DominantLookupIngestionIntegrationTest" time="0.548">
    <system-out><![CDATA[13:04:49.558 [main] INFO org.springframework.test.context.support.AnnotationConfigContextLoaderUtils -- Could not detect default configuration classes for test class [dev.vality.ccreporter.integration.DominantLookupIngestionIntegrationTest]: DominantLookupIngestionIntegrationTest does not declare any static, non-private, non-final, nested classes annotated with @Configuration.
13:04:49.662 [main] INFO org.springframework.boot.test.context.SpringBootTestContextBootstrapper -- Found @SpringBootConfiguration dev.vality.ccreporter.ServiceApplication for test class dev.vality.ccreporter.integration.DominantLookupIngestionIntegrationTest
13:04:49.729 [main] INFO io.zonky.test.db.postgres.embedded.EmbeddedPostgres -- Detected a Darwin aarch64 system
13:04:49.729 [main] INFO io.zonky.test.db.postgres.embedded.DefaultPostgresBinaryResolver -- Detected distribution: 'Unknown'
13:04:49.730 [main] WARN io.zonky.test.db.postgres.embedded.DefaultPostgresBinaryResolver -- No native binaries supporting aarch64 architecture found. Trying to use binaries for amd64 architecture instead: 'postgres-darwin-x86_64.txz'. Make sure you have Rosetta 2 emulation enabled. Note that performance may be degraded.
13:04:49.808 [main] INFO io.zonky.test.db.postgres.embedded.EmbeddedPostgres -- Postgres binaries at /var/folders/pd/n1ldqls54mqblskv88t11ccm0000gn/T/embedded-pg/PG-7d368341830b3a2a85f132bd309772ce
13:04:49.857 [initdb:pid(6113)] INFO io.zonky.test.db.postgres.embedded.EmbeddedPostgres -- The files belonging to this database system will be owned by user "karleowne".
13:04:49.857 [initdb:pid(6113)] INFO io.zonky.test.db.postgres.embedded.EmbeddedPostgres -- This user must also own the server process.
13:04:49.857 [initdb:pid(6113)] INFO io.zonky.test.db.postgres.embedded.EmbeddedPostgres -- 
13:04:49.857 [initdb:pid(6113)] INFO io.zonky.test.db.postgres.embedded.EmbeddedPostgres -- The database cluster will be initialized with locale "en_US.UTF-8".
13:04:49.857 [initdb:pid(6113)] INFO io.zonky.test.db.postgres.embedded.EmbeddedPostgres -- The default text search configuration will be set to "english".
13:04:49.857 [initdb:pid(6113)] INFO io.zonky.test.db.postgres.embedded.EmbeddedPostgres -- 
13:04:49.857 [initdb:pid(6113)] INFO io.zonky.test.db.postgres.embedded.EmbeddedPostgres -- Data page checksums are disabled.
13:04:49.857 [initdb:pid(6113)] INFO io.zonky.test.db.postgres.embedded.EmbeddedPostgres -- 
13:04:49.857 [initdb:pid(6113)] INFO io.zonky.test.db.postgres.embedded.EmbeddedPostgres -- fixing permissions on existing directory /var/folders/pd/n1ldqls54mqblskv88t11ccm0000gn/T/epg9535644227847545315 ... ok
13:04:49.858 [initdb:pid(6113)] INFO io.zonky.test.db.postgres.embedded.EmbeddedPostgres -- creating subdirectories ... ok
13:04:49.858 [initdb:pid(6113)] INFO io.zonky.test.db.postgres.embedded.EmbeddedPostgres -- selecting dynamic shared memory implementation ... posix
13:04:49.883 [initdb:pid(6113)] INFO io.zonky.test.db.postgres.embedded.EmbeddedPostgres -- selecting default max_connections ... 100
13:04:49.897 [initdb:pid(6113)] INFO io.zonky.test.db.postgres.embedded.EmbeddedPostgres -- selecting default shared_buffers ... 128MB
13:04:49.899 [initdb:pid(6113)] INFO io.zonky.test.db.postgres.embedded.EmbeddedPostgres -- selecting default time zone ... Asia/Krasnoyarsk
13:04:49.900 [initdb:pid(6113)] INFO io.zonky.test.db.postgres.embedded.EmbeddedPostgres -- creating configuration files ... ok
13:04:50.046 [initdb:pid(6113)] INFO io.zonky.test.db.postgres.embedded.EmbeddedPostgres -- running bootstrap script ... ok
13:04:50.472 [initdb:pid(6113)] INFO io.zonky.test.db.postgres.embedded.EmbeddedPostgres -- performing post-bootstrap initialization ... ok
13:04:50.493 [initdb:pid(6113)] INFO io.zonky.test.db.postgres.embedded.EmbeddedPostgres -- syncing data to disk ... ok
13:04:50.493 [initdb:pid(6113)] INFO io.zonky.test.db.postgres.embedded.EmbeddedPostgres -- 
13:04:50.493 [initdb:pid(6113)] INFO io.zonky.test.db.postgres.embedded.EmbeddedPostgres -- Success. You can now start the database server using:
13:04:50.493 [initdb:pid(6113)] INFO io.zonky.test.db.postgres.embedded.EmbeddedPostgres -- 
13:04:50.493 [initdb:pid(6113)] INFO io.zonky.test.db.postgres.embedded.EmbeddedPostgres --     /var/folders/pd/n1ldqls54mqblskv88t11ccm0000gn/T/embedded-pg/PG-7d368341830b3a2a85f132bd309772ce/bin/pg_ctl -D /var/folders/pd/n1ldqls54mqblskv88t11ccm0000gn/T/epg9535644227847545315 -l logfile start
13:04:50.493 [initdb:pid(6113)] INFO io.zonky.test.db.postgres.embedded.EmbeddedPostgres -- 
13:04:50.494 [main] INFO io.zonky.test.db.postgres.embedded.EmbeddedPostgres -- 8aeae7a3-27f4-40c9-bdcb-90e2f50175d7 initdb completed in 00:00:00.684
13:04:50.503 [main] INFO io.zonky.test.db.postgres.embedded.EmbeddedPostgres -- 8aeae7a3-27f4-40c9-bdcb-90e2f50175d7 postmaster started as Process[pid=6126, exitValue="not exited"] on port 51886.  Waiting up to PT10S for server startup to finish.
13:04:50.529 [postgres:pid(6126)] INFO io.zonky.test.db.postgres.embedded.EmbeddedPostgres -- waiting for server to start....2026-07-24 13:04:50.529 +07 [6128] LOG:  starting PostgreSQL 14.7 on x86_64-apple-darwin20.6.0, compiled by Apple clang version 12.0.0 (clang-1200.0.32.29), 64-bit
13:04:50.530 [postgres:pid(6126)] INFO io.zonky.test.db.postgres.embedded.EmbeddedPostgres -- 2026-07-24 13:04:50.530 +07 [6128] LOG:  listening on IPv6 address "::1", port 51886
13:04:50.530 [postgres:pid(6126)] INFO io.zonky.test.db.postgres.embedded.EmbeddedPostgres -- 2026-07-24 13:04:50.530 +07 [6128] LOG:  listening on IPv4 address "127.0.0.1", port 51886
13:04:50.530 [postgres:pid(6126)] INFO io.zonky.test.db.postgres.embedded.EmbeddedPostgres -- 2026-07-24 13:04:50.530 +07 [6128] LOG:  listening on Unix socket "/tmp/.s.PGSQL.51886"
13:04:50.532 [postgres:pid(6126)] INFO io.zonky.test.db.postgres.embedded.EmbeddedPostgres -- 2026-07-24 13:04:50.532 +07 [6129] LOG:  database system was shut down at 2026-07-24 13:04:50 +07
13:04:50.534 [postgres:pid(6126)] INFO io.zonky.test.db.postgres.embedded.EmbeddedPostgres -- 2026-07-24 13:04:50.534 +07 [6128] LOG:  database system is ready to accept connections
13:04:50.621 [postgres:pid(6126)] INFO io.zonky.test.db.postgres.embedded.EmbeddedPostgres --  done
13:04:50.621 [postgres:pid(6126)] INFO io.zonky.test.db.postgres.embedded.EmbeddedPostgres -- server started
13:04:50.666 [main] INFO io.zonky.test.db.postgres.embedded.EmbeddedPostgres -- 8aeae7a3-27f4-40c9-bdcb-90e2f50175d7 postmaster startup finished in 00:00:00.169

  .   ____          _            __ _ _
 /\\ / ___'_ __ _ _(_)_ __  __ _ \ \ \ \
( ( )\___ | '_ | '_| | '_ \/ _` | \ \ \ \
 \\/  ___)| |_)| | | | | || (_| |  ) ) ) )
  '  |____| .__|_| |_|_| |_\__, | / / / /
 =========|_|==============|___/=/_/_/_/

 :: Spring Boot ::                (v4.0.3)

&amp#27;[30m2026-07-24 13:04:50,997&amp#27;[0;39m [&amp#27;[34mmain&amp#27;[0;39m] &amp#27;[35m6108&amp#27;[0;39m &amp#27;[34mINFO &amp#27;[0;39m &amp#27;[36md.v.c.i.DominantLookupIngestionIntegrationTest&amp#27;[0;39m.&amp#27;[33mlogStarting&amp#27;[0;39m:&amp#27;[37m54&amp#27;[0;39m — Starting DominantLookupIngestionIntegrationTest using Java 25.0.2 with PID 6108 (started by karleowne in /Users/karleowne/dev/cc-reporter)
&amp#27;[30m2026-07-24 13:04:50,998&amp#27;[0;39m [&amp#27;[34mmain&amp#27;[0;39m] &amp#27;[35m6108&amp#27;[0;39m &amp#27;[34mINFO &amp#27;[0;39m &amp#27;[36md.v.c.i.DominantLookupIngestionIntegrationTest&amp#27;[0;39m.&amp#27;[33mlogStartupProfileInfo&amp#27;[0;39m:&amp#27;[37m652&amp#27;[0;39m — No active profile set, falling back to 1 default profile: "default"
&amp#27;[30m2026-07-24 13:04:51,822&amp#27;[0;39m [&amp#27;[34mmain&amp#27;[0;39m] &amp#27;[35m6108&amp#27;[0;39m &amp#27;[34mINFO &amp#27;[0;39m &amp#27;[36mo.s.boot.tomcat.TomcatWebServer&amp#27;[0;39m.&amp#27;[33minitialize&amp#27;[0;39m:&amp#27;[37m114&amp#27;[0;39m — Tomcat initialized with port 0 (http)
&amp#27;[30m2026-07-24 13:04:51,831&amp#27;[0;39m [&amp#27;[34mmain&amp#27;[0;39m] &amp#27;[35m6108&amp#27;[0;39m &amp#27;[34mINFO &amp#27;[0;39m &amp#27;[36mo.a.catalina.core.StandardService&amp#27;[0;39m.&amp#27;[33mlog&amp#27;[0;39m:&amp#27;[37m168&amp#27;[0;39m — Starting service [Tomcat]
&amp#27;[30m2026-07-24 13:04:51,831&amp#27;[0;39m [&amp#27;[34mmain&amp#27;[0;39m] &amp#27;[35m6108&amp#27;[0;39m &amp#27;[34mINFO &amp#27;[0;39m &amp#27;[36mo.a.catalina.core.StandardEngine&amp#27;[0;39m.&amp#27;[33mlog&amp#27;[0;39m:&amp#27;[37m168&amp#27;[0;39m — Starting Servlet engine: [Apache Tomcat/11.0.18]
&amp#27;[30m2026-07-24 13:04:51,858&amp#27;[0;39m [&amp#27;[34mmain&amp#27;[0;39m] &amp#27;[35m6108&amp#27;[0;39m &amp#27;[34mINFO &amp#27;[0;39m &amp#27;[36mo.s.b.w.c.s.WebApplicationContextInitializer&amp#27;[0;39m.&amp#27;[33mprepareWebApplicationContext&amp#27;[0;39m:&amp#27;[37m77&amp#27;[0;39m — Root WebApplicationContext: initialization completed in 850 ms
&amp#27;[30m2026-07-24 13:04:52,754&amp#27;[0;39m [&amp#27;[34mmain&amp#27;[0;39m] &amp#27;[35m6108&amp#27;[0;39m &amp#27;[31mWARN &amp#27;[0;39m &amp#27;[36mcom.zaxxer.hikari.HikariConfig&amp#27;[0;39m.&amp#27;[33mvalidateNumerics&amp#27;[0;39m:&amp#27;[37m1150&amp#27;[0;39m — HikariPool-1 - idleTimeout has been set but has no effect because the pool is operating as a fixed size pool.
&amp#27;[30m2026-07-24 13:04:52,755&amp#27;[0;39m [&amp#27;[34mmain&amp#27;[0;39m] &amp#27;[35m6108&amp#27;[0;39m &amp#27;[34mINFO &amp#27;[0;39m &amp#27;[36mcom.zaxxer.hikari.HikariDataSource&amp#27;[0;39m.&amp#27;[33mgetConnection&amp#27;[0;39m:&amp#27;[37m109&amp#27;[0;39m — HikariPool-1 - Starting...
&amp#27;[30m2026-07-24 13:04:52,762&amp#27;[0;39m [&amp#27;[34mmain&amp#27;[0;39m] &amp#27;[35m6108&amp#27;[0;39m &amp#27;[34mINFO &amp#27;[0;39m &amp#27;[36mcom.zaxxer.hikari.pool.HikariPool&amp#27;[0;39m.&amp#27;[33mcheckFailFast&amp#27;[0;39m:&amp#27;[37m580&amp#27;[0;39m — HikariPool-1 - Added connection org.postgresql.jdbc.PgConnection@3adbfd16
&amp#27;[30m2026-07-24 13:04:52,763&amp#27;[0;39m [&amp#27;[34mmain&amp#27;[0;39m] &amp#27;[35m6108&amp#27;[0;39m &amp#27;[34mINFO &amp#27;[0;39m &amp#27;[36mcom.zaxxer.hikari.HikariDataSource&amp#27;[0;39m.&amp#27;[33mgetConnection&amp#27;[0;39m:&amp#27;[37m122&amp#27;[0;39m — HikariPool-1 - Start completed.
&amp#27;[30m2026-07-24 13:04:52,778&amp#27;[0;39m [&amp#27;[34mmain&amp#27;[0;39m] &amp#27;[35m6108&amp#27;[0;39m &amp#27;[34mINFO &amp#27;[0;39m &amp#27;[36morg.flywaydb.core.FlywayExecutor&amp#27;[0;39m.&amp#27;[33minfo&amp#27;[0;39m:&amp#27;[37m41&amp#27;[0;39m — Database: jdbc:postgresql://localhost:51886/postgres?user=postgres (PostgreSQL 14.7)
&amp#27;[30m2026-07-24 13:04:52,797&amp#27;[0;39m [&amp#27;[34mmain&amp#27;[0;39m] &amp#27;[35m6108&amp#27;[0;39m &amp#27;[34mINFO &amp#27;[0;39m &amp#27;[36mo.f.c.internal.database.base.Schema&amp#27;[0;39m.&amp#27;[33minfo&amp#27;[0;39m:&amp#27;[37m41&amp#27;[0;39m — Creating schema "ccr" ...
&amp#27;[30m2026-07-24 13:04:52,799&amp#27;[0;39m [&amp#27;[34mmain&amp#27;[0;39m] &amp#27;[35m6108&amp#27;[0;39m &amp#27;[34mINFO &amp#27;[0;39m &amp#27;[36mo.f.c.i.s.JdbcTableSchemaHistory&amp#27;[0;39m.&amp#27;[33minfo&amp#27;[0;39m:&amp#27;[37m41&amp#27;[0;39m — Creating Schema History table "ccr"."flyway_schema_history" ...
&amp#27;[30m2026-07-24 13:04:52,825&amp#27;[0;39m [&amp#27;[34mmain&amp#27;[0;39m] &amp#27;[35m6108&amp#27;[0;39m &amp#27;[34mINFO &amp#27;[0;39m &amp#27;[36mo.f.core.internal.command.DbMigrate&amp#27;[0;39m.&amp#27;[33minfo&amp#27;[0;39m:&amp#27;[37m41&amp#27;[0;39m — Current version of schema "ccr": null
&amp#27;[30m2026-07-24 13:04:52,836&amp#27;[0;39m [&amp#27;[34mmain&amp#27;[0;39m] &amp#27;[35m6108&amp#27;[0;39m &amp#27;[34mINFO &amp#27;[0;39m &amp#27;[36mo.f.core.internal.command.DbMigrate&amp#27;[0;39m.&amp#27;[33minfo&amp#27;[0;39m:&amp#27;[37m41&amp#27;[0;39m — Migrating schema "ccr" to version "1 - init"
&amp#27;[30m2026-07-24 13:04:52,839&amp#27;[0;39m [&amp#27;[34mmain&amp#27;[0;39m] &amp#27;[35m6108&amp#27;[0;39m &amp#27;[31mWARN &amp#27;[0;39m &amp#27;[36mo.f.c.i.s.DefaultSqlScriptExecutor&amp#27;[0;39m.&amp#27;[33mwarn&amp#27;[0;39m:&amp#27;[37m45&amp#27;[0;39m — DB: schema "ccr" already exists, skipping (SQL State: 42P06 - Error Code: 0)
&amp#27;[30m2026-07-24 13:04:52,889&amp#27;[0;39m [&amp#27;[34mmain&amp#27;[0;39m] &amp#27;[35m6108&amp#27;[0;39m &amp#27;[34mINFO &amp#27;[0;39m &amp#27;[36mo.f.core.internal.command.DbMigrate&amp#27;[0;39m.&amp#27;[33minfo&amp#27;[0;39m:&amp#27;[37m41&amp#27;[0;39m — Successfully applied 1 migration to schema "ccr", now at version v1 (execution time 00:00.048s)
&amp#27;[30m2026-07-24 13:04:53,046&amp#27;[0;39m [&amp#27;[34mmain&amp#27;[0;39m] &amp#27;[35m6108&amp#27;[0;39m &amp#27;[34mINFO &amp#27;[0;39m &amp#27;[36mo.s.boot.tomcat.TomcatWebServer&amp#27;[0;39m.&amp#27;[33mstart&amp#27;[0;39m:&amp#27;[37m240&amp#27;[0;39m — Tomcat started on port 51892 (http) with context path '/'
&amp#27;[30m2026-07-24 13:04:53,086&amp#27;[0;39m [&amp#27;[34mmain&amp#27;[0;39m] &amp#27;[35m6108&amp#27;[0;39m &amp#27;[34mINFO &amp#27;[0;39m &amp#27;[36mo.s.boot.tomcat.TomcatWebServer&amp#27;[0;39m.&amp#27;[33minitialize&amp#27;[0;39m:&amp#27;[37m114&amp#27;[0;39m — Tomcat initialized with port 0 (http)
&amp#27;[30m2026-07-24 13:04:53,087&amp#27;[0;39m [&amp#27;[34mmain&amp#27;[0;39m] &amp#27;[35m6108&amp#27;[0;39m &amp#27;[34mINFO &amp#27;[0;39m &amp#27;[36mo.a.catalina.core.StandardService&amp#27;[0;39m.&amp#27;[33mlog&amp#27;[0;39m:&amp#27;[37m168&amp#27;[0;39m — Starting service [Tomcat]
&amp#27;[30m2026-07-24 13:04:53,087&amp#27;[0;39m [&amp#27;[34mmain&amp#27;[0;39m] &amp#27;[35m6108&amp#27;[0;39m &amp#27;[34mINFO &amp#27;[0;39m &amp#27;[36mo.a.catalina.core.StandardEngine&amp#27;[0;39m.&amp#27;[33mlog&amp#27;[0;39m:&amp#27;[37m168&amp#27;[0;39m — Starting Servlet engine: [Apache Tomcat/11.0.18]
&amp#27;[30m2026-07-24 13:04:53,099&amp#27;[0;39m [&amp#27;[34mmain&amp#27;[0;39m] &amp#27;[35m6108&amp#27;[0;39m &amp#27;[34mINFO &amp#27;[0;39m &amp#27;[36mo.s.b.w.c.s.WebApplicationContextInitializer&amp#27;[0;39m.&amp#27;[33mprepareWebApplicationContext&amp#27;[0;39m:&amp#27;[37m77&amp#27;[0;39m — Root WebApplicationContext: initialization completed in 51 ms
&amp#27;[30m2026-07-24 13:04:53,109&amp#27;[0;39m [&amp#27;[34mmain&amp#27;[0;39m] &amp#27;[35m6108&amp#27;[0;39m &amp#27;[34mINFO &amp#27;[0;39m &amp#27;[36mo.s.b.a.e.web.EndpointLinksResolver&amp#27;[0;39m.&amp#27;[33m<init>&amp#27;[0;39m:&amp#27;[37m60&amp#27;[0;39m — Exposing 1 endpoint beneath base path '/actuator'
&amp#27;[30m2026-07-24 13:04:53,137&amp#27;[0;39m [&amp#27;[34mmain&amp#27;[0;39m] &amp#27;[35m6108&amp#27;[0;39m &amp#27;[34mINFO &amp#27;[0;39m &amp#27;[36mo.s.boot.tomcat.TomcatWebServer&amp#27;[0;39m.&amp#27;[33mstart&amp#27;[0;39m:&amp#27;[37m240&amp#27;[0;39m — Tomcat started on port 51893 (http) with context path '/'
&amp#27;[30m2026-07-24 13:04:53,142&amp#27;[0;39m [&amp#27;[34mmain&amp#27;[0;39m] &amp#27;[35m6108&amp#27;[0;39m &amp#27;[34mINFO &amp#27;[0;39m &amp#27;[36md.v.c.i.DominantLookupIngestionIntegrationTest&amp#27;[0;39m.&amp#27;[33mlogStarted&amp#27;[0;39m:&amp#27;[37m60&amp#27;[0;39m — Started DominantLookupIngestionIntegrationTest in 2.462 seconds (process running for 4.312)
&amp#27;[30m2026-07-24 13:04:53,688&amp#27;[0;39m [&amp#27;[34mmain&amp#27;[0;39m] &amp#27;[35m6108&amp#27;[0;39m &amp#27;[34mINFO &amp#27;[0;39m &amp#27;[36morg.jooq.Constants&amp#27;[0;39m.&amp#27;[33mlambda$info$5&amp#27;[0;39m:&amp#27;[37m396&amp#27;[0;39m — 
                                      
@@@@@@@@@@@@@@@@@@@@@@@@@@@@@@@@@@@@@@
@@@@@@@@@@@@@@@@@@@@@@@@@@@@@@@@@@@@@@
@@@@@@@@@@@@@@@@  @@        @@@@@@@@@@
@@@@@@@@@@@@@@@@@@@@        @@@@@@@@@@
@@@@@@@@@@@@@@@@  @@  @@    @@@@@@@@@@
@@@@@@@@@@  @@@@  @@  @@    @@@@@@@@@@
@@@@@@@@@@        @@        @@@@@@@@@@
@@@@@@@@@@@@@@@@@@@@@@@@@@@@@@@@@@@@@@
@@@@@@@@@@@@@@@@@@@@@@@@@@@@@@@@@@@@@@
@@@@@@@@@@        @@        @@@@@@@@@@
@@@@@@@@@@    @@  @@  @@@@  @@@@@@@@@@
@@@@@@@@@@    @@  @@  @@@@  @@@@@@@@@@
@@@@@@@@@@        @@  @  @  @@@@@@@@@@
@@@@@@@@@@        @@        @@@@@@@@@@
@@@@@@@@@@@@@@@@@@@@@@@  @@@@@@@@@@@@@
@@@@@@@@@@@@@@@@@@@@@@@@@@@@@@@@@@@@@@
@@@@@@@@@@@@@@@@@@@@@@@@@@@@@@@@@@@@@@  Thank you for using jOOQ 3.19.30 (Build date: 2026-01-29T11:00:39Z)
                                      
&amp#27;[30m2026-07-24 13:04:53,689&amp#27;[0;39m [&amp#27;[34mmain&amp#27;[0;39m] &amp#27;[35m6108&amp#27;[0;39m &amp#27;[34mINFO &amp#27;[0;39m &amp#27;[36morg.jooq.Constants&amp#27;[0;39m.&amp#27;[33mlambda$info$5&amp#27;[0;39m:&amp#27;[37m396&amp#27;[0;39m — 

jOOQ tip of the day: Views (and table valued functions) are the most underrated SQL feature! They work very well together with jOOQ and jOOQ's code generator! https://www.jooq.org/doc/latest/manual/code-generation/codegen-advanced/codegen-config-database/codegen-database-table-valued-functions/

&amp#27;[30m2026-07-24 13:04:53,725&amp#27;[0;39m [&amp#27;[34mmain&amp#27;[0;39m] &amp#27;[35m6108&amp#27;[0;39m &amp#27;[31mWARN &amp#27;[0;39m &amp#27;[36mo.j.i.D.logVersionSupport&amp#27;[0;39m.&amp#27;[33mlambda$warn$7&amp#27;[0;39m:&amp#27;[37m475&amp#27;[0;39m — Version mismatch         : Database version is older than what dialect SQLDialect.POSTGRES supports: 14.7. Consider https://www.jooq.org/download/support-matrix to see what jOOQ version and edition supports which RDBMS versions.
]]></system-out>
    <system-err><![CDATA[13:04:50,814 |-WARN in ch.qos.logback.core.model.processor.conditional.IfModelHandler - The 'condition' attribute in <if> element is deprecated and slated for removal. Use <condition> element instead.
13:04:50,814 |-WARN in ch.qos.logback.core.model.processor.conditional.IfModelHandler - See also https://logback.qos.ch/codes.html#conditionAttributeDeprecation
13:04:50,909 |-WARN in ch.qos.logback.core.model.processor.conditional.IfModelHandler - The 'condition' attribute in <if> element is deprecated and slated for removal. Use <condition> element instead.
13:04:50,909 |-WARN in ch.qos.logback.core.model.processor.conditional.IfModelHandler - See also https://logback.qos.ch/codes.html#conditionAttributeDeprecation
13:04:50,910 |-WARN in ch.qos.logback.core.model.processor.conditional.IfModelHandler - The 'condition' attribute in <if> element is deprecated and slated for removal. Use <condition> element instead.
13:04:50,910 |-WARN in ch.qos.logback.core.model.processor.conditional.IfModelHandler - See also https://logback.qos.ch/codes.html#conditionAttributeDeprecation
Mockito is currently self-attaching to enable the inline-mock-maker. This will no longer work in future releases of the JDK. Please add Mockito as an agent to your build as described in Mockito's documentation: https://javadoc.io/doc/org.mockito/mockito-core/latest/org.mockito/org/mockito/Mockito.html#0.3
WARNING: A Java agent has been loaded dynamically (/Users/karleowne/.m2/repository/net/bytebuddy/byte-buddy-agent/1.17.8/byte-buddy-agent-1.17.8.jar)
WARNING: If a serviceability tool is in use, please run with -XX:+EnableDynamicAgentLoading to hide this warning
WARNING: If a serviceability tool is not in use, please run with -Djdk.instrument.traceUsage for more information
WARNING: Dynamic loading of agents will be disallowed by default in a future release
]]></system-err>
  </testcase>
</testsuite>