<?xml version="1.0" encoding="UTF-8"?>
<testsuite xmlns:xsi="http://www.w3.org/2001/XMLSchema-instance" xsi:noNamespaceSchemaLocation="https://maven.apache.org/surefire/maven-surefire-plugin/xsd/surefire-test-report.xsd" version="3.0.2" name="dev.vality.ccreporter.integration.KafkaListenerRetryIntegrationTest" time="3.924" tests="1" errors="0" skipped="0" failures="0">
  <properties>
[...]
</properties>
  <testcase name="failedBatchIsRetriedAndCommittedOnlyAfterSuccessfulProcessing" classname="dev.vality.ccreporter.integration.KafkaListenerRetryIntegrationTest" time="1.115">
    <system-out><![CDATA[&amp#27;[30m2026-07-24 13:04:54,719&amp#27;[0;39m [&amp#27;[34mmain&amp#27;[0;39m] &amp#27;[35m6108&amp#27;[0;39m &amp#27;[34mINFO &amp#27;[0;39m &amp#27;[36mo.s.t.c.s.AnnotationConfigContextLoaderUtils&amp#27;[0;39m.&amp#27;[33mdetectDefaultConfigurationClasses&amp#27;[0;39m:&amp#27;[37m83&amp#27;[0;39m — Could not detect default configuration classes for test class [dev.vality.ccreporter.integration.KafkaListenerRetryIntegrationTest]: KafkaListenerRetryIntegrationTest does not declare any static, non-private, non-final, nested classes annotated with @Configuration.
&amp#27;[30m2026-07-24 13:04:54,723&amp#27;[0;39m [&amp#27;[34mmain&amp#27;[0;39m] &amp#27;[35m6108&amp#27;[0;39m &amp#27;[34mINFO &amp#27;[0;39m &amp#27;[36mo.s.b.t.c.SpringBootTestContextBootstrapper&amp#27;[0;39m.&amp#27;[33mgetOrFindConfigurationClasses&amp#27;[0;39m:&amp#27;[37m211&amp#27;[0;39m — Found @SpringBootConfiguration dev.vality.ccreporter.ServiceApplication for test class dev.vality.ccreporter.integration.KafkaListenerRetryIntegrationTest
&amp#27;[30m2026-07-24 13:04:54,726&amp#27;[0;39m [&amp#27;[34mmain&amp#27;[0;39m] &amp#27;[35m6108&amp#27;[0;39m &amp#27;[34mINFO &amp#27;[0;39m &amp#27;[36mo.s.boot.tomcat.GracefulShutdown&amp#27;[0;39m.&amp#27;[33mshutDownGracefully&amp#27;[0;39m:&amp#27;[37m54&amp#27;[0;39m — Commencing graceful shutdown. Waiting for active requests to complete
&amp#27;[30m2026-07-24 13:04:54,728&amp#27;[0;39m [&amp#27;[34mtomcat-shutdown&amp#27;[0;39m] &amp#27;[35m6108&amp#27;[0;39m &amp#27;[34mINFO &amp#27;[0;39m &amp#27;[36mo.s.boot.tomcat.GracefulShutdown&amp#27;[0;39m.&amp#27;[33mdoShutdown&amp#27;[0;39m:&amp#27;[37m76&amp#27;[0;39m — Graceful shutdown complete

  .   ____          _            __ _ _
 /\\ / ___'_ __ _ _(_)_ __  __ _ \ \ \ \
( ( )\___ | '_ | '_| | '_ \/ _` | \ \ \ \
 \\/  ___)| |_)| | | | | || (_| |  ) ) ) )
  '  |____| .__|_| |_|_| |_\__, | / / / /
 =========|_|==============|___/=/_/_/_/

 :: Spring Boot ::                (v4.0.3)

&amp#27;[30m2026-07-24 13:04:54,824&amp#27;[0;39m [&amp#27;[34mmain&amp#27;[0;39m] &amp#27;[35m6108&amp#27;[0;39m &amp#27;[34mINFO &amp#27;[0;39m &amp#27;[36mo.a.k.s.logger.LoggingController&amp#27;[0;39m.&amp#27;[33m<clinit>&amp#27;[0;39m:&amp#27;[37m50&amp#27;[0;39m — No supported logging implementation found. Logging configuration endpoint will be disabled.
&amp#27;[30m2026-07-24 13:04:54,827&amp#27;[0;39m [&amp#27;[34mmain&amp#27;[0;39m] &amp#27;[35m6108&amp#27;[0;39m &amp#27;[34mINFO &amp#27;[0;39m &amp#27;[36mk.utils.Log4jControllerRegistration$&amp#27;[0;39m.&amp#27;[33mregisterMBean&amp#27;[0;39m:&amp#27;[37m33&amp#27;[0;39m — Registered `kafka:type=kafka.Log4jController` MBean
Formatting metadata directory /var/folders/pd/n1ldqls54mqblskv88t11ccm0000gn/T/kafka-7894323199852710434/combined_0_0 with metadata.version 4.2-IV1.
&amp#27;[30m2026-07-24 13:04:55,046&amp#27;[0;39m [&amp#27;[34mkafka-cluster-test-kit-4&amp#27;[0;39m] &amp#27;[35m6108&amp#27;[0;39m &amp#27;[34mINFO &amp#27;[0;39m &amp#27;[36mkafka.server.BrokerServer&amp#27;[0;39m.&amp#27;[33minfo&amp#27;[0;39m:&amp#27;[37m69&amp#27;[0;39m — [BrokerServer id=0] Transition from SHUTDOWN to STARTING
&amp#27;[30m2026-07-24 13:04:55,046&amp#27;[0;39m [&amp#27;[34mkafka-cluster-test-kit-3&amp#27;[0;39m] &amp#27;[35m6108&amp#27;[0;39m &amp#27;[34mINFO &amp#27;[0;39m &amp#27;[36mkafka.server.ControllerServer&amp#27;[0;39m.&amp#27;[33minfo&amp#27;[0;39m:&amp#27;[37m69&amp#27;[0;39m — [ControllerServer id=0] Starting controller
&amp#27;[30m2026-07-24 13:04:55,047&amp#27;[0;39m [&amp#27;[34mkafka-cluster-test-kit-4&amp#27;[0;39m] &amp#27;[35m6108&amp#27;[0;39m &amp#27;[34mINFO &amp#27;[0;39m &amp#27;[36mkafka.server.SharedServer&amp#27;[0;39m.&amp#27;[33minfo&amp#27;[0;39m:&amp#27;[37m69&amp#27;[0;39m — [SharedServer id=0] Starting SharedServer
&amp#27;[30m2026-07-24 13:04:55,096&amp#27;[0;39m [&amp#27;[34mkafka-cluster-test-kit-4&amp#27;[0;39m] &amp#27;[35m6108&amp#27;[0;39m &amp#27;[34mINFO &amp#27;[0;39m &amp#27;[36mo.a.k.s.internals.log.UnifiedLog&amp#27;[0;39m.&amp#27;[33mrebuildProducerState&amp#27;[0;39m:&amp#27;[37m2449&amp#27;[0;39m — [LogLoader partition=__cluster_metadata-0, dir=/var/folders/pd/n1ldqls54mqblskv88t11ccm0000gn/T/kafka-7894323199852710434/combined_0_0] Loading producer state till offset 0
&amp#27;[30m2026-07-24 13:04:55,096&amp#27;[0;39m [&amp#27;[34mkafka-cluster-test-kit-4&amp#27;[0;39m] &amp#27;[35m6108&amp#27;[0;39m &amp#27;[34mINFO &amp#27;[0;39m &amp#27;[36mo.a.k.s.internals.log.UnifiedLog&amp#27;[0;39m.&amp#27;[33mrebuildProducerState&amp#27;[0;39m:&amp#27;[37m2471&amp#27;[0;39m — [LogLoader partition=__cluster_metadata-0, dir=/var/folders/pd/n1ldqls54mqblskv88t11ccm0000gn/T/kafka-7894323199852710434/combined_0_0] Reloading from producer snapshot and rebuilding producer state from offset 0
&amp#27;[30m2026-07-24 13:04:55,096&amp#27;[0;39m [&amp#27;[34mkafka-cluster-test-kit-4&amp#27;[0;39m] &amp#27;[35m6108&amp#27;[0;39m &amp#27;[34mINFO &amp#27;[0;39m &amp#27;[36mo.a.k.s.internals.log.UnifiedLog&amp#27;[0;39m.&amp#27;[33mrebuildProducerState&amp#27;[0;39m:&amp#27;[37m2507&amp#27;[0;39m — [LogLoader partition=__cluster_metadata-0, dir=/var/folders/pd/n1ldqls54mqblskv88t11ccm0000gn/T/kafka-7894323199852710434/combined_0_0] Producer state recovery took 0ms for snapshot load and 0ms for segment recovery from offset 0
&amp#27;[30m2026-07-24 13:04:55,116&amp#27;[0;39m [&amp#27;[34mkafka-cluster-test-kit-4&amp#27;[0;39m] &amp#27;[35m6108&amp#27;[0;39m &amp#27;[34mINFO &amp#27;[0;39m &amp#27;[36mkafka.raft.KafkaMetadataLog$&amp#27;[0;39m.&amp#27;[33mrecoverSnapshots&amp#27;[0;39m:&amp#27;[37m580&amp#27;[0;39m — Initialized snapshots with IDs SortedSet() from /var/folders/pd/n1ldqls54mqblskv88t11ccm0000gn/T/kafka-7894323199852710434/combined_0_0/__cluster_metadata-0
&amp#27;[30m2026-07-24 13:04:55,133&amp#27;[0;39m [&amp#27;[34mraft-expiration-reaper&amp#27;[0;39m] &amp#27;[35m6108&amp#27;[0;39m &amp#27;[34mINFO &amp#27;[0;39m &amp#27;[36mo.a.k.r.TimingWheelExpirationService$ExpiredOperationReaper&amp#27;[0;39m.&amp#27;[33mrun&amp#27;[0;39m:&amp#27;[37m133&amp#27;[0;39m — [raft-expiration-reaper]: Starting
&amp#27;[30m2026-07-24 13:04:55,144&amp#27;[0;39m [&amp#27;[34mkafka-cluster-test-kit-4&amp#27;[0;39m] &amp#27;[35m6108&amp#27;[0;39m &amp#27;[34mINFO &amp#27;[0;39m &amp#27;[36mo.apache.kafka.raft.KafkaRaftClient&amp#27;[0;39m.&amp#27;[33minitialize&amp#27;[0;39m:&amp#27;[37m503&amp#27;[0;39m — [RaftManager id=0] Reading KRaft snapshot and log as part of the initialization
&amp#27;[30m2026-07-24 13:04:55,145&amp#27;[0;39m [&amp#27;[34mkafka-cluster-test-kit-4&amp#27;[0;39m] &amp#27;[35m6108&amp#27;[0;39m &amp#27;[34mINFO &amp#27;[0;39m &amp#27;[36mo.apache.kafka.raft.KafkaRaftClient&amp#27;[0;39m.&amp#27;[33minitialize&amp#27;[0;39m:&amp#27;[37m505&amp#27;[0;39m — [RaftManager id=0] Starting voters are VoterSet(voters={0=VoterNode(voterKey=ReplicaKey(id=0, directoryId=<undefined>), listeners=Endpoints(endpoints={ListenerName(CONTROLLER)=localhost/127.0.0.1:51895}), supportedKRaftVersion=SupportedVersionRange[min_version:0, max_version:0])})
&amp#27;[30m2026-07-24 13:04:55,147&amp#27;[0;39m [&amp#27;[34mkafka-cluster-test-kit-4&amp#27;[0;39m] &amp#27;[35m6108&amp#27;[0;39m &amp#27;[34mINFO &amp#27;[0;39m &amp#27;[36mo.apache.kafka.raft.KafkaRaftClient&amp#27;[0;39m.&amp#27;[33minitialize&amp#27;[0;39m:&amp#27;[37m531&amp#27;[0;39m — [RaftManager id=0] Starting request manager with static voters: [localhost:51895 (id: 0 rack: null isFenced: false)]
&amp#27;[30m2026-07-24 13:04:55,150&amp#27;[0;39m [&amp#27;[34mkafka-cluster-test-kit-4&amp#27;[0;39m] &amp#27;[35m6108&amp#27;[0;39m &amp#27;[34mINFO &amp#27;[0;39m &amp#27;[36morg.apache.kafka.raft.QuorumState&amp#27;[0;39m.&amp#27;[33mdurableTransitionTo&amp#27;[0;39m:&amp#27;[37m732&amp#27;[0;39m — [RaftManager id=0] Attempting durable transition to UnattachedState(epoch=0, leaderId=OptionalInt.empty, votedKey=Optional.empty, voters=[0], electionTimeoutMs=1081, highWatermark=Optional.empty) from null
&amp#27;[30m2026-07-24 13:04:55,163&amp#27;[0;39m [&amp#27;[34mkafka-cluster-test-kit-4&amp#27;[0;39m] &amp#27;[35m6108&amp#27;[0;39m &amp#27;[34mINFO &amp#27;[0;39m &amp#27;[36morg.apache.kafka.raft.QuorumState&amp#27;[0;39m.&amp#27;[33mmemoryTransitionTo&amp#27;[0;39m:&amp#27;[37m749&amp#27;[0;39m — [RaftManager id=0] Completed transition to UnattachedState(epoch=0, leaderId=OptionalInt.empty, votedKey=Optional.empty, voters=[0], electionTimeoutMs=1081, highWatermark=Optional.empty) from null
&amp#27;[30m2026-07-24 13:04:55,166&amp#27;[0;39m [&amp#27;[34mkafka-cluster-test-kit-4&amp#27;[0;39m] &amp#27;[35m6108&amp#27;[0;39m &amp#27;[34mINFO &amp#27;[0;39m &amp#27;[36morg.apache.kafka.raft.QuorumState&amp#27;[0;39m.&amp#27;[33mmemoryTransitionTo&amp#27;[0;39m:&amp#27;[37m749&amp#27;[0;39m — [RaftManager id=0] Completed transition to ProspectiveState(epoch=0, leaderId=OptionalInt.empty, votedKey=Optional.empty, epochElection=EpochElection(voterStates={0=VoterState(replicaKey=ReplicaKey(id=0, directoryId=<undefined>), state=GRANTED)}), electionTimeoutMs=1376, highWatermark=Optional.empty) from UnattachedState(epoch=0, leaderId=OptionalInt.empty, votedKey=Optional.empty, voters=[0], electionTimeoutMs=1081, highWatermark=Optional.empty)
&amp#27;[30m2026-07-24 13:04:55,167&amp#27;[0;39m [&amp#27;[34mkafka-cluster-test-kit-4&amp#27;[0;39m] &amp#27;[35m6108&amp#27;[0;39m &amp#27;[34mINFO &amp#27;[0;39m &amp#27;[36morg.apache.kafka.raft.QuorumState&amp#27;[0;39m.&amp#27;[33mdurableTransitionTo&amp#27;[0;39m:&amp#27;[37m732&amp#27;[0;39m — [RaftManager id=0] Attempting durable transition to CandidateState(localId=0, localDirectoryId=4damEVGn_FQBKnEq_O5g8Q, epoch=1, epochElection=EpochElection(voterStates={0=VoterState(replicaKey=ReplicaKey(id=0, directoryId=<undefined>), state=GRANTED)}), highWatermark=Optional.empty, electionTimeoutMs=1265) from ProspectiveState(epoch=0, leaderId=OptionalInt.empty, votedKey=Optional.empty, epochElection=EpochElection(voterStates={0=VoterState(replicaKey=ReplicaKey(id=0, directoryId=<undefined>), state=GRANTED)}), electionTimeoutMs=1376, highWatermark=Optional.empty)
&amp#27;[30m2026-07-24 13:04:55,172&amp#27;[0;39m [&amp#27;[34mkafka-cluster-test-kit-4&amp#27;[0;39m] &amp#27;[35m6108&amp#27;[0;39m &amp#27;[34mINFO &amp#27;[0;39m &amp#27;[36morg.apache.kafka.raft.QuorumState&amp#27;[0;39m.&amp#27;[33mmemoryTransitionTo&amp#27;[0;39m:&amp#27;[37m749&amp#27;[0;39m — [RaftManager id=0] Completed transition to CandidateState(localId=0, localDirectoryId=4damEVGn_FQBKnEq_O5g8Q, epoch=1, epochElection=EpochElection(voterStates={0=VoterState(replicaKey=ReplicaKey(id=0, directoryId=<undefined>), state=GRANTED)}), highWatermark=Optional.empty, electionTimeoutMs=1265) from ProspectiveState(epoch=0, leaderId=OptionalInt.empty, votedKey=Optional.empty, epochElection=EpochElection(voterStates={0=VoterState(replicaKey=ReplicaKey(id=0, directoryId=<undefined>), state=GRANTED)}), electionTimeoutMs=1376, highWatermark=Optional.empty)
&amp#27;[30m2026-07-24 13:04:55,174&amp#27;[0;39m [&amp#27;[34mkafka-cluster-test-kit-4&amp#27;[0;39m] &amp#27;[35m6108&amp#27;[0;39m &amp#27;[34mINFO &amp#27;[0;39m &amp#27;[36morg.apache.kafka.raft.QuorumState&amp#27;[0;39m.&amp#27;[33mdurableTransitionTo&amp#27;[0;39m:&amp#27;[37m732&amp#27;[0;39m — [RaftManager id=0] Attempting durable transition to Leader(localVoterNode=VoterNode(voterKey=ReplicaKey(id=0, directoryId=4damEVGn_FQBKnEq_O5g8Q), listeners=Endpoints(endpoints={}), supportedKRaftVersion=SupportedVersionRange[min_version:0, max_version:1]), epoch=1, epochStartOffset=0, highWatermark=Optional.empty, voterStates={0=ReplicaState(replicaKey=ReplicaKey(id=0, directoryId=<undefined>), endOffset=Optional.empty, lastFetchTimestamp=-1, lastCaughtUpTimestamp=-1, hasAcknowledgedLeader=true)}) from CandidateState(localId=0, localDirectoryId=4damEVGn_FQBKnEq_O5g8Q, epoch=1, epochElection=EpochElection(voterStates={0=VoterState(replicaKey=ReplicaKey(id=0, directoryId=<undefined>), state=GRANTED)}), highWatermark=Optional.empty, electionTimeoutMs=1265)
&amp#27;[30m2026-07-24 13:04:55,180&amp#27;[0;39m [&amp#27;[34mkafka-cluster-test-kit-4&amp#27;[0;39m] &amp#27;[35m6108&amp#27;[0;39m &amp#27;[34mINFO &amp#27;[0;39m &amp#27;[36morg.apache.kafka.raft.QuorumState&amp#27;[0;39m.&amp#27;[33mmemoryTransitionTo&amp#27;[0;39m:&amp#27;[37m749&amp#27;[0;39m — [RaftManager id=0] Completed transition to Leader(localVoterNode=VoterNode(voterKey=ReplicaKey(id=0, directoryId=4damEVGn_FQBKnEq_O5g8Q), listeners=Endpoints(endpoints={}), supportedKRaftVersion=SupportedVersionRange[min_version:0, max_version:1]), epoch=1, epochStartOffset=0, highWatermark=Optional.empty, voterStates={0=ReplicaState(replicaKey=ReplicaKey(id=0, directoryId=<undefined>), endOffset=Optional.empty, lastFetchTimestamp=-1, lastCaughtUpTimestamp=-1, hasAcknowledgedLeader=true)}) from CandidateState(localId=0, localDirectoryId=4damEVGn_FQBKnEq_O5g8Q, epoch=1, epochElection=EpochElection(voterStates={0=VoterState(replicaKey=ReplicaKey(id=0, directoryId=<undefined>), state=GRANTED)}), highWatermark=Optional.empty, electionTimeoutMs=1265)
&amp#27;[30m2026-07-24 13:04:55,190&amp#27;[0;39m [&amp#27;[34mkafka-0-raft-io-thread&amp#27;[0;39m] &amp#27;[35m6108&amp#27;[0;39m &amp#27;[34mINFO &amp#27;[0;39m &amp#27;[36mo.a.kafka.raft.KafkaRaftClientDriver&amp#27;[0;39m.&amp#27;[33mrun&amp#27;[0;39m:&amp#27;[37m133&amp#27;[0;39m — [kafka-0-raft-io-thread]: Starting
&amp#27;[30m2026-07-24 13:04:55,190&amp#27;[0;39m [&amp#27;[34mkafka-0-raft-outbound-request-thread&amp#27;[0;39m] &amp#27;[35m6108&amp#27;[0;39m &amp#27;[34mINFO &amp#27;[0;39m &amp#27;[36mo.a.k.r.KafkaNetworkChannel$SendThread&amp#27;[0;39m.&amp#27;[33mrun&amp#27;[0;39m:&amp#27;[37m133&amp#27;[0;39m — [kafka-0-raft-outbound-request-thread]: Starting
&amp#27;[30m2026-07-24 13:04:55,200&amp#27;[0;39m [&amp#27;[34mkafka-0-metadata-loader-event-handler&amp#27;[0;39m] &amp#27;[35m6108&amp#27;[0;39m &amp#27;[34mINFO &amp#27;[0;39m &amp#27;[36mo.a.k.image.loader.MetadataLoader&amp#27;[0;39m.&amp#27;[33mstillNeedToCatchUp&amp#27;[0;39m:&amp#27;[37m233&amp#27;[0;39m — [MetadataLoader id=0] initializeNewPublishers: the loader is still catching up because we still don't know the high water mark yet.
&amp#27;[30m2026-07-24 13:04:55,201&amp#27;[0;39m [&amp#27;[34mkafka-cluster-test-kit-4&amp#27;[0;39m] &amp#27;[35m6108&amp#27;[0;39m &amp#27;[34mINFO &amp#27;[0;39m &amp#27;[36mkafka.server.BrokerServer&amp#27;[0;39m.&amp#27;[33minfo&amp#27;[0;39m:&amp#27;[37m69&amp#27;[0;39m — [BrokerServer id=0] Starting broker
&amp#27;[30m2026-07-24 13:04:55,203&amp#27;[0;39m [&amp#27;[34mkafka-0-raft-io-thread&amp#27;[0;39m] &amp#27;[35m6108&amp#27;[0;39m &amp#27;[34mINFO &amp#27;[0;39m &amp#27;[36morg.apache.kafka.raft.LeaderState&amp#27;[0;39m.&amp#27;[33mlogHighWatermarkUpdate&amp#27;[0;39m:&amp#27;[37m780&amp#27;[0;39m — [RaftManager id=0] High watermark set to LogOffsetMetadata(offset=1, metadata=Optional[(segmentBaseOffset=0,relativePositionInSegment=91)]) for the first time for epoch 1 based on indexOfHw 0 and voters [ReplicaState(replicaKey=ReplicaKey(id=0, directoryId=<undefined>), endOffset=Optional[LogOffsetMetadata(offset=1, metadata=Optional[(segmentBaseOffset=0,relativePositionInSegment=91)])], lastFetchTimestamp=-1, lastCaughtUpTimestamp=-1, hasAcknowledgedLeader=true)]
&amp#27;[30m2026-07-24 13:04:55,208&amp#27;[0;39m [&amp#27;[34mbroker-0-ThrottledChannelReaper-Fetch&amp#27;[0;39m] &amp#27;[35m6108&amp#27;[0;39m &amp#27;[34mINFO &amp#27;[0;39m &amp#27;[36mk.s.ClientQuotaManager$ThrottledChannelReaper&amp#27;[0;39m.&amp#27;[33mrun&amp#27;[0;39m:&amp#27;[37m133&amp#27;[0;39m — [broker-0-ThrottledChannelReaper-Fetch]: Starting
&amp#27;[30m2026-07-24 13:04:55,208&amp#27;[0;39m [&amp#27;[34mbroker-0-ThrottledChannelReaper-Produce&amp#27;[0;39m] &amp#27;[35m6108&amp#27;[0;39m &amp#27;[34mINFO &amp#27;[0;39m &amp#27;[36mk.s.ClientQuotaManager$ThrottledChannelReaper&amp#27;[0;39m.&amp#27;[33mrun&amp#27;[0;39m:&amp#27;[37m133&amp#27;[0;39m — [broker-0-ThrottledChannelReaper-Produce]: Starting
&amp#27;[30m2026-07-24 13:04:55,208&amp#27;[0;39m [&amp#27;[34mbroker-0-ThrottledChannelReaper-Request&amp#27;[0;39m] &amp#27;[35m6108&amp#27;[0;39m &amp#27;[34mINFO &amp#27;[0;39m &amp#27;[36mk.s.ClientQuotaManager$ThrottledChannelReaper&amp#27;[0;39m.&amp#27;[33mrun&amp#27;[0;39m:&amp#27;[37m133&amp#27;[0;39m — [broker-0-ThrottledChannelReaper-Request]: Starting
&amp#27;[30m2026-07-24 13:04:55,209&amp#27;[0;39m [&amp#27;[34mbroker-0-ThrottledChannelReaper-ControllerMutation&amp#27;[0;39m] &amp#27;[35m6108&amp#27;[0;39m &amp#27;[34mINFO &amp#27;[0;39m &amp#27;[36mk.s.ClientQuotaManager$ThrottledChannelReaper&amp#27;[0;39m.&amp#27;[33mrun&amp#27;[0;39m:&amp#27;[37m133&amp#27;[0;39m — [broker-0-ThrottledChannelReaper-ControllerMutation]: Starting
&amp#27;[30m2026-07-24 13:04:55,212&amp#27;[0;39m [&amp#27;[34mkafka-0-raft-io-thread&amp#27;[0;39m] &amp#27;[35m6108&amp#27;[0;39m &amp#27;[34mINFO &amp#27;[0;39m &amp#27;[36mo.apache.kafka.raft.KafkaRaftClient&amp#27;[0;39m.&amp#27;[33mprocessRegistration&amp#27;[0;39m:&amp#27;[37m3430&amp#27;[0;39m — [RaftManager id=0] Registered the listener org.apache.kafka.image.loader.MetadataLoader@1055416007
&amp#27;[30m2026-07-24 13:04:55,213&amp#27;[0;39m [&amp#27;[34mkafka-0-raft-io-thread&amp#27;[0;39m] &amp#27;[35m6108&amp#27;[0;39m &amp#27;[34mINFO &amp#27;[0;39m &amp#27;[36mo.apache.kafka.raft.KafkaRaftClient&amp#27;[0;39m.&amp#27;[33mlambda$updateListenersProgress$3&amp#27;[0;39m:&amp#27;[37m416&amp#27;[0;39m — [RaftManager id=0] Setting the next offset of org.apache.kafka.image.loader.MetadataLoader@1055416007 to 0 since there are no snapshots
&amp#27;[30m2026-07-24 13:04:55,215&amp#27;[0;39m [&amp#27;[34mkafka-0-metadata-loader-event-handler&amp#27;[0;39m] &amp#27;[35m6108&amp#27;[0;39m &amp#27;[34mINFO &amp#27;[0;39m &amp#27;[36mo.a.k.image.loader.MetadataLoader&amp#27;[0;39m.&amp#27;[33mstillNeedToCatchUp&amp#27;[0;39m:&amp#27;[37m243&amp#27;[0;39m — [MetadataLoader id=0] maybePublishMetadata(LOG_DELTA): The loader is still catching up because we have not loaded a controller record as of offset 0 and high water mark is 1
&amp#27;[30m2026-07-24 13:04:55,244&amp#27;[0;39m [&amp#27;[34mkafka-cluster-test-kit-4&amp#27;[0;39m] &amp#27;[35m6108&amp#27;[0;39m &amp#27;[34mINFO &amp#27;[0;39m &amp#27;[36mkafka.server.BrokerServer&amp#27;[0;39m.&amp#27;[33mwaitWithLogging&amp#27;[0;39m:&amp#27;[37m57&amp#27;[0;39m — [BrokerServer id=0] Waiting for controller quorum voters future
&amp#27;[30m2026-07-24 13:04:55,244&amp#27;[0;39m [&amp#27;[34mkafka-cluster-test-kit-4&amp#27;[0;39m] &amp#27;[35m6108&amp#27;[0;39m &amp#27;[34mINFO &amp#27;[0;39m &amp#27;[36mkafka.server.BrokerServer&amp#27;[0;39m.&amp#27;[33mwaitWithLogging&amp#27;[0;39m:&amp#27;[37m60&amp#27;[0;39m — [BrokerServer id=0] Finished waiting for controller quorum voters future
&amp#27;[30m2026-07-24 13:04:55,249&amp#27;[0;39m [&amp#27;[34mbroker-0-to-controller-forwarding-channel-manager&amp#27;[0;39m] &amp#27;[35m6108&amp#27;[0;39m &amp#27;[34mINFO &amp#27;[0;39m &amp#27;[36mk.s.NodeToControllerRequestThread&amp#27;[0;39m.&amp#27;[33mrun&amp#27;[0;39m:&amp#27;[37m133&amp#27;[0;39m — [broker-0-to-controller-forwarding-channel-manager]: Starting
&amp#27;[30m2026-07-24 13:04:55,250&amp#27;[0;39m [&amp#27;[34mbroker-0-to-controller-forwarding-channel-manager&amp#27;[0;39m] &amp#27;[35m6108&amp#27;[0;39m &amp#27;[34mINFO &amp#27;[0;39m &amp#27;[36mk.s.NodeToControllerRequestThread&amp#27;[0;39m.&amp#27;[33minfo&amp#27;[0;39m:&amp#27;[37m69&amp#27;[0;39m — [broker-0-to-controller-forwarding-channel-manager]: Recorded new KRaft controller, from now on will use node localhost:51895 (id: 0 rack: null isFenced: false)
&amp#27;[30m2026-07-24 13:04:55,254&amp#27;[0;39m [&amp#27;[34mclient-metrics-reaper&amp#27;[0;39m] &amp#27;[35m6108&amp#27;[0;39m &amp#27;[34mINFO &amp#27;[0;39m &amp#27;[36mo.a.k.s.u.t.SystemTimerReaper$Reaper&amp#27;[0;39m.&amp#27;[33mrun&amp#27;[0;39m:&amp#27;[37m133&amp#27;[0;39m — [client-metrics-reaper]: Starting
&amp#27;[30m2026-07-24 13:04:55,258&amp#27;[0;39m [&amp#27;[34mkafka-cluster-test-kit-3&amp#27;[0;39m] &amp#27;[35m6108&amp#27;[0;39m &amp#27;[34mINFO &amp#27;[0;39m &amp#27;[36mkafka.network.ConnectionQuotas&amp#27;[0;39m.&amp#27;[33minfo&amp#27;[0;39m:&amp#27;[37m69&amp#27;[0;39m — Updated connection-accept-rate max connection creation rate to 2147483647
&amp#27;[30m2026-07-24 13:04:55,261&amp#27;[0;39m [&amp#27;[34mkafka-cluster-test-kit-3&amp#27;[0;39m] &amp#27;[35m6108&amp#27;[0;39m &amp#27;[34mINFO &amp#27;[0;39m &amp#27;[36mkafka.network.DataPlaneAcceptor&amp#27;[0;39m.&amp#27;[33minfo&amp#27;[0;39m:&amp#27;[37m69&amp#27;[0;39m — Awaiting socket connections on localhost:51895.
&amp#27;[30m2026-07-24 13:04:55,261&amp#27;[0;39m [&amp#27;[34mkafka-cluster-test-kit-3&amp#27;[0;39m] &amp#27;[35m6108&amp#27;[0;39m &amp#27;[34mINFO &amp#27;[0;39m &amp#27;[36mkafka.network.DataPlaneAcceptor&amp#27;[0;39m.&amp#27;[33minfo&amp#27;[0;39m:&amp#27;[37m69&amp#27;[0;39m — Opened wildcard endpoint localhost:51895
&amp#27;[30m2026-07-24 13:04:55,268&amp#27;[0;39m [&amp#27;[34mkafka-cluster-test-kit-4&amp#27;[0;39m] &amp#27;[35m6108&amp#27;[0;39m &amp#27;[34mINFO &amp#27;[0;39m &amp#27;[36mkafka.network.ConnectionQuotas&amp#27;[0;39m.&amp#27;[33minfo&amp#27;[0;39m:&amp#27;[37m69&amp#27;[0;39m — Updated connection-accept-rate max connection creation rate to 2147483647
&amp#27;[30m2026-07-24 13:04:55,269&amp#27;[0;39m [&amp#27;[34mkafka-cluster-test-kit-4&amp#27;[0;39m] &amp#27;[35m6108&amp#27;[0;39m &amp#27;[34mINFO &amp#27;[0;39m &amp#27;[36mkafka.network.DataPlaneAcceptor&amp#27;[0;39m.&amp#27;[33minfo&amp#27;[0;39m:&amp#27;[37m69&amp#27;[0;39m — Awaiting socket connections on localhost:51896.
&amp#27;[30m2026-07-24 13:04:55,269&amp#27;[0;39m [&amp#27;[34mkafka-cluster-test-kit-4&amp#27;[0;39m] &amp#27;[35m6108&amp#27;[0;39m &amp#27;[34mINFO &amp#27;[0;39m &amp#27;[36mkafka.network.DataPlaneAcceptor&amp#27;[0;39m.&amp#27;[33minfo&amp#27;[0;39m:&amp#27;[37m69&amp#27;[0;39m — Opened wildcard endpoint localhost:51896
&amp#27;[30m2026-07-24 13:04:55,273&amp#27;[0;39m [&amp#27;[34mkafka-cluster-test-kit-4&amp#27;[0;39m] &amp#27;[35m6108&amp#27;[0;39m &amp#27;[34mINFO &amp#27;[0;39m &amp#27;[36mkafka.network.SocketServer&amp#27;[0;39m.&amp#27;[33minfo&amp#27;[0;39m:&amp#27;[37m69&amp#27;[0;39m — [SocketServer listenerType=BROKER, nodeId=0] Created data-plane acceptor and processors for endpoint : ListenerName(EXTERNAL)
&amp#27;[30m2026-07-24 13:04:55,273&amp#27;[0;39m [&amp#27;[34mkafka-cluster-test-kit-3&amp#27;[0;39m] &amp#27;[35m6108&amp#27;[0;39m &amp#27;[34mINFO &amp#27;[0;39m &amp#27;[36mkafka.network.SocketServer&amp#27;[0;39m.&amp#27;[33minfo&amp#27;[0;39m:&amp#27;[37m69&amp#27;[0;39m — [SocketServer listenerType=CONTROLLER, nodeId=0] Created data-plane acceptor and processors for endpoint : ListenerName(CONTROLLER)
&amp#27;[30m2026-07-24 13:04:55,275&amp#27;[0;39m [&amp#27;[34mkafka-cluster-test-kit-4&amp#27;[0;39m] &amp#27;[35m6108&amp#27;[0;39m &amp#27;[34mINFO &amp#27;[0;39m &amp#27;[36mo.apache.kafka.metadata.ListenerInfo&amp#27;[0;39m.&amp#27;[33mwithEphemeralPortsCorrected&amp#27;[0;39m:&amp#27;[37m271&amp#27;[0;39m — EXTERNAL: resolved ephemeral port to 51896
&amp#27;[30m2026-07-24 13:04:55,275&amp#27;[0;39m [&amp#27;[34mkafka-cluster-test-kit-3&amp#27;[0;39m] &amp#27;[35m6108&amp#27;[0;39m &amp#27;[34mINFO &amp#27;[0;39m &amp#27;[36mo.apache.kafka.metadata.ListenerInfo&amp#27;[0;39m.&amp#27;[33mwithEphemeralPortsCorrected&amp#27;[0;39m:&amp#27;[37m271&amp#27;[0;39m — CONTROLLER: resolved ephemeral port to 51895
&amp#27;[30m2026-07-24 13:04:55,276&amp#27;[0;39m [&amp#27;[34mbroker-0-to-controller-alter-partition-channel-manager&amp#27;[0;39m] &amp#27;[35m6108&amp#27;[0;39m &amp#27;[34mINFO &amp#27;[0;39m &amp#27;[36mk.s.NodeToControllerRequestThread&amp#27;[0;39m.&amp#27;[33mrun&amp#27;[0;39m:&amp#27;[37m133&amp#27;[0;39m — [broker-0-to-controller-alter-partition-channel-manager]: Starting
&amp#27;[30m2026-07-24 13:04:55,277&amp#27;[0;39m [&amp#27;[34mkafka-cluster-test-kit-3&amp#27;[0;39m] &amp#27;[35m6108&amp#27;[0;39m &amp#27;[34mINFO &amp#27;[0;39m &amp#27;[36mo.a.k.s.network.EndpointReadyFutures&amp#27;[0;39m.&amp#27;[33mcompleteStage&amp#27;[0;39m:&amp#27;[37m168&amp#27;[0;39m — authorizerStart completed for endpoint CONTROLLER. Endpoint is now READY.
&amp#27;[30m2026-07-24 13:04:55,277&amp#27;[0;39m [&amp#27;[34mbroker-0-to-controller-alter-partition-channel-manager&amp#27;[0;39m] &amp#27;[35m6108&amp#27;[0;39m &amp#27;[34mINFO &amp#27;[0;39m &amp#27;[36mk.s.NodeToControllerRequestThread&amp#27;[0;39m.&amp#27;[33minfo&amp#27;[0;39m:&amp#27;[37m69&amp#27;[0;39m — [broker-0-to-controller-alter-partition-channel-manager]: Recorded new KRaft controller, from now on will use node localhost:51895 (id: 0 rack: null isFenced: false)
&amp#27;[30m2026-07-24 13:04:55,277&amp#27;[0;39m [&amp#27;[34mkafka-cluster-test-kit-3&amp#27;[0;39m] &amp#27;[35m6108&amp#27;[0;39m &amp#27;[34mINFO &amp#27;[0;39m &amp#27;[36mkafka.server.ControllerServer&amp#27;[0;39m.&amp#27;[33mwaitWithLogging&amp#27;[0;39m:&amp#27;[37m57&amp#27;[0;39m — [ControllerServer id=0] Waiting for controller quorum voters future
&amp#27;[30m2026-07-24 13:04:55,277&amp#27;[0;39m [&amp#27;[34mkafka-cluster-test-kit-3&amp#27;[0;39m] &amp#27;[35m6108&amp#27;[0;39m &amp#27;[34mINFO &amp#27;[0;39m &amp#27;[36mkafka.server.ControllerServer&amp#27;[0;39m.&amp#27;[33mwaitWithLogging&amp#27;[0;39m:&amp#27;[37m60&amp#27;[0;39m — [ControllerServer id=0] Finished waiting for controller quorum voters future
&amp#27;[30m2026-07-24 13:04:55,280&amp#27;[0;39m [&amp#27;[34mbroker-0-to-controller-directory-assignments-channel-manager&amp#27;[0;39m] &amp#27;[35m6108&amp#27;[0;39m &amp#27;[34mINFO &amp#27;[0;39m &amp#27;[36mk.s.NodeToControllerRequestThread&amp#27;[0;39m.&amp#27;[33mrun&amp#27;[0;39m:&amp#27;[37m133&amp#27;[0;39m — [broker-0-to-controller-directory-assignments-channel-manager]: Starting
&amp#27;[30m2026-07-24 13:04:55,280&amp#27;[0;39m [&amp#27;[34mbroker-0-to-controller-directory-assignments-channel-manager&amp#27;[0;39m] &amp#27;[35m6108&amp#27;[0;39m &amp#27;[34mINFO &amp#27;[0;39m &amp#27;[36mk.s.NodeToControllerRequestThread&amp#27;[0;39m.&amp#27;[33minfo&amp#27;[0;39m:&amp#27;[37m69&amp#27;[0;39m — [broker-0-to-controller-directory-assignments-channel-manager]: Recorded new KRaft controller, from now on will use node localhost:51895 (id: 0 rack: null isFenced: false)
&amp#27;[30m2026-07-24 13:04:55,297&amp#27;[0;39m [&amp#27;[34mExpirationReaper-0-Produce&amp#27;[0;39m] &amp#27;[35m6108&amp#27;[0;39m &amp#27;[34mINFO &amp#27;[0;39m &amp#27;[36mo.a.k.s.p.DelayedOperationPurgatory$ExpiredOperationReaper&amp#27;[0;39m.&amp#27;[33mrun&amp#27;[0;39m:&amp#27;[37m133&amp#27;[0;39m — [ExpirationReaper-0-Produce]: Starting
&amp#27;[30m2026-07-24 13:04:55,298&amp#27;[0;39m [&amp#27;[34mExpirationReaper-0-DeleteRecords&amp#27;[0;39m] &amp#27;[35m6108&amp#27;[0;39m &amp#27;[34mINFO &amp#27;[0;39m &amp#27;[36mo.a.k.s.p.DelayedOperationPurgatory$ExpiredOperationReaper&amp#27;[0;39m.&amp#27;[33mrun&amp#27;[0;39m:&amp#27;[37m133&amp#27;[0;39m — [ExpirationReaper-0-DeleteRecords]: Starting
&amp#27;[30m2026-07-24 13:04:55,298&amp#27;[0;39m [&amp#27;[34mExpirationReaper-0-Fetch&amp#27;[0;39m] &amp#27;[35m6108&amp#27;[0;39m &amp#27;[34mINFO &amp#27;[0;39m &amp#27;[36mo.a.k.s.p.DelayedOperationPurgatory$ExpiredOperationReaper&amp#27;[0;39m.&amp#27;[33mrun&amp#27;[0;39m:&amp#27;[37m133&amp#27;[0;39m — [ExpirationReaper-0-Fetch]: Starting
&amp#27;[30m2026-07-24 13:04:55,299&amp#27;[0;39m [&amp#27;[34mExpirationReaper-0-RemoteFetch&amp#27;[0;39m] &amp#27;[35m6108&amp#27;[0;39m &amp#27;[34mINFO &amp#27;[0;39m &amp#27;[36mo.a.k.s.p.DelayedOperationPurgatory$ExpiredOperationReaper&amp#27;[0;39m.&amp#27;[33mrun&amp#27;[0;39m:&amp#27;[37m133&amp#27;[0;39m — [ExpirationReaper-0-RemoteFetch]: Starting
&amp#27;[30m2026-07-24 13:04:55,299&amp#27;[0;39m [&amp#27;[34mExpirationReaper-0-RemoteListOffsets&amp#27;[0;39m] &amp#27;[35m6108&amp#27;[0;39m &amp#27;[34mINFO &amp#27;[0;39m &amp#27;[36mo.a.k.s.p.DelayedOperationPurgatory$ExpiredOperationReaper&amp#27;[0;39m.&amp#27;[33mrun&amp#27;[0;39m:&amp#27;[37m133&amp#27;[0;39m — [ExpirationReaper-0-RemoteListOffsets]: Starting
&amp#27;[30m2026-07-24 13:04:55,300&amp#27;[0;39m [&amp#27;[34mExpirationReaper-0-ShareFetch&amp#27;[0;39m] &amp#27;[35m6108&amp#27;[0;39m &amp#27;[34mINFO &amp#27;[0;39m &amp#27;[36mo.a.k.s.p.DelayedOperationPurgatory$ExpiredOperationReaper&amp#27;[0;39m.&amp#27;[33mrun&amp#27;[0;39m:&amp#27;[37m133&amp#27;[0;39m — [ExpirationReaper-0-ShareFetch]: Starting
&amp#27;[30m2026-07-24 13:04:55,304&amp#27;[0;39m [&amp#27;[34mkafka-cluster-test-kit-3&amp#27;[0;39m] &amp#27;[35m6108&amp#27;[0;39m &amp#27;[34mINFO &amp#27;[0;39m &amp#27;[36mo.a.k.c.PeriodicTaskControlManager&amp#27;[0;39m.&amp#27;[33mregisterTask&amp#27;[0;39m:&amp#27;[37m167&amp#27;[0;39m — [QuorumController id=0] Registering periodic task writeNoOpRecord to run every 500 ms
&amp#27;[30m2026-07-24 13:04:55,304&amp#27;[0;39m [&amp#27;[34mkafka-cluster-test-kit-3&amp#27;[0;39m] &amp#27;[35m6108&amp#27;[0;39m &amp#27;[34mINFO &amp#27;[0;39m &amp#27;[36mo.a.k.c.PeriodicTaskControlManager&amp#27;[0;39m.&amp#27;[33mregisterTask&amp#27;[0;39m:&amp#27;[37m167&amp#27;[0;39m — [QuorumController id=0] Registering periodic task maybeFenceStaleBroker to run every 1125 ms
&amp#27;[30m2026-07-24 13:04:55,304&amp#27;[0;39m [&amp#27;[34mkafka-cluster-test-kit-3&amp#27;[0;39m] &amp#27;[35m6108&amp#27;[0;39m &amp#27;[34mINFO &amp#27;[0;39m &amp#27;[36mo.a.k.c.PeriodicTaskControlManager&amp#27;[0;39m.&amp#27;[33mregisterTask&amp#27;[0;39m:&amp#27;[37m167&amp#27;[0;39m — [QuorumController id=0] Registering periodic task electPreferred to run every 300000 ms
&amp#27;[30m2026-07-24 13:04:55,304&amp#27;[0;39m [&amp#27;[34mkafka-cluster-test-kit-3&amp#27;[0;39m] &amp#27;[35m6108&amp#27;[0;39m &amp#27;[34mINFO &amp#27;[0;39m &amp#27;[36mo.a.k.c.PeriodicTaskControlManager&amp#27;[0;39m.&amp#27;[33mregisterTask&amp#27;[0;39m:&amp#27;[37m167&amp#27;[0;39m — [QuorumController id=0] Registering periodic task electUnclean to run every 300000 ms
&amp#27;[30m2026-07-24 13:04:55,305&amp#27;[0;39m [&amp#27;[34mkafka-cluster-test-kit-3&amp#27;[0;39m] &amp#27;[35m6108&amp#27;[0;39m &amp#27;[34mINFO &amp#27;[0;39m &amp#27;[36mo.a.k.c.PeriodicTaskControlManager&amp#27;[0;39m.&amp#27;[33mregisterTask&amp#27;[0;39m:&amp#27;[37m167&amp#27;[0;39m — [QuorumController id=0] Registering periodic task expireDelegationTokens to run every 3600000 ms
&amp#27;[30m2026-07-24 13:04:55,305&amp#27;[0;39m [&amp#27;[34mkafka-cluster-test-kit-3&amp#27;[0;39m] &amp#27;[35m6108&amp#27;[0;39m &amp#27;[34mINFO &amp#27;[0;39m &amp#27;[36mo.a.k.c.PeriodicTaskControlManager&amp#27;[0;39m.&amp#27;[33mregisterTask&amp#27;[0;39m:&amp#27;[37m167&amp#27;[0;39m — [QuorumController id=0] Registering periodic task generatePeriodicPerformanceMessage to run every 60000 ms
&amp#27;[30m2026-07-24 13:04:55,305&amp#27;[0;39m [&amp#27;[34mkafka-cluster-test-kit-3&amp#27;[0;39m] &amp#27;[35m6108&amp#27;[0;39m &amp#27;[34mINFO &amp#27;[0;39m &amp#27;[36mo.a.k.controller.QuorumController&amp#27;[0;39m.&amp#27;[33m<init>&amp#27;[0;39m:&amp#27;[37m1603&amp#27;[0;39m — [QuorumController id=0] Creating new QuorumController with clusterId Eyu2OE1eR0SFFqGphe2_Eg
&amp#27;[30m2026-07-24 13:04:55,306&amp#27;[0;39m [&amp#27;[34mkafka-0-raft-io-thread&amp#27;[0;39m] &amp#27;[35m6108&amp#27;[0;39m &amp#27;[34mINFO &amp#27;[0;39m &amp#27;[36mo.apache.kafka.raft.KafkaRaftClient&amp#27;[0;39m.&amp#27;[33mprocessRegistration&amp#27;[0;39m:&amp#27;[37m3430&amp#27;[0;39m — [RaftManager id=0] Registered the listener org.apache.kafka.controller.QuorumController$QuorumMetaLogListener@727803345
&amp#27;[30m2026-07-24 13:04:55,306&amp#27;[0;39m [&amp#27;[34mkafka-0-raft-io-thread&amp#27;[0;39m] &amp#27;[35m6108&amp#27;[0;39m &amp#27;[34mINFO &amp#27;[0;39m &amp#27;[36mo.apache.kafka.raft.KafkaRaftClient&amp#27;[0;39m.&amp#27;[33mlambda$updateListenersProgress$3&amp#27;[0;39m:&amp#27;[37m416&amp#27;[0;39m — [RaftManager id=0] Setting the next offset of org.apache.kafka.controller.QuorumController$QuorumMetaLogListener@727803345 to 0 since there are no snapshots
&amp#27;[30m2026-07-24 13:04:55,306&amp#27;[0;39m [&amp#27;[34mkafka-0-metadata-loader-event-handler&amp#27;[0;39m] &amp#27;[35m6108&amp#27;[0;39m &amp#27;[34mINFO &amp#27;[0;39m &amp#27;[36mo.a.k.image.loader.MetadataLoader&amp#27;[0;39m.&amp#27;[33mstillNeedToCatchUp&amp#27;[0;39m:&amp#27;[37m243&amp#27;[0;39m — [MetadataLoader id=0] initializeNewPublishers: The loader is still catching up because we have not loaded a controller record as of offset 0 and high water mark is 1
&amp#27;[30m2026-07-24 13:04:55,306&amp#27;[0;39m [&amp#27;[34mcontroller-0-ThrottledChannelReaper-Fetch&amp#27;[0;39m] &amp#27;[35m6108&amp#27;[0;39m &amp#27;[34mINFO &amp#27;[0;39m &amp#27;[36mk.s.ClientQuotaManager$ThrottledChannelReaper&amp#27;[0;39m.&amp#27;[33mrun&amp#27;[0;39m:&amp#27;[37m133&amp#27;[0;39m — [controller-0-ThrottledChannelReaper-Fetch]: Starting
&amp#27;[30m2026-07-24 13:04:55,307&amp#27;[0;39m [&amp#27;[34mcontroller-0-ThrottledChannelReaper-Produce&amp#27;[0;39m] &amp#27;[35m6108&amp#27;[0;39m &amp#27;[34mINFO &amp#27;[0;39m &amp#27;[36mk.s.ClientQuotaManager$ThrottledChannelReaper&amp#27;[0;39m.&amp#27;[33mrun&amp#27;[0;39m:&amp#27;[37m133&amp#27;[0;39m — [controller-0-ThrottledChannelReaper-Produce]: Starting
&amp#27;[30m2026-07-24 13:04:55,307&amp#27;[0;39m [&amp#27;[34mcontroller-0-ThrottledChannelReaper-Request&amp#27;[0;39m] &amp#27;[35m6108&amp#27;[0;39m &amp#27;[34mINFO &amp#27;[0;39m &amp#27;[36mk.s.ClientQuotaManager$ThrottledChannelReaper&amp#27;[0;39m.&amp#27;[33mrun&amp#27;[0;39m:&amp#27;[37m133&amp#27;[0;39m — [controller-0-ThrottledChannelReaper-Request]: Starting
&amp#27;[30m2026-07-24 13:04:55,307&amp#27;[0;39m [&amp#27;[34mcontroller-0-ThrottledChannelReaper-ControllerMutation&amp#27;[0;39m] &amp#27;[35m6108&amp#27;[0;39m &amp#27;[34mINFO &amp#27;[0;39m &amp#27;[36mk.s.ClientQuotaManager$ThrottledChannelReaper&amp#27;[0;39m.&amp#27;[33mrun&amp#27;[0;39m:&amp#27;[37m133&amp#27;[0;39m — [controller-0-ThrottledChannelReaper-ControllerMutation]: Starting
&amp#27;[30m2026-07-24 13:04:55,307&amp#27;[0;39m [&amp#27;[34mquorum-controller-0-event-handler&amp#27;[0;39m] &amp#27;[35m6108&amp#27;[0;39m &amp#27;[34mINFO &amp#27;[0;39m &amp#27;[36mo.a.k.controller.QuorumController&amp#27;[0;39m.&amp#27;[33mlambda$handleLeaderChange$2&amp#27;[0;39m:&amp#27;[37m1078&amp#27;[0;39m — [QuorumController id=0] Becoming the active controller at epoch 1, next write offset 1.
&amp#27;[30m2026-07-24 13:04:55,311&amp#27;[0;39m [&amp#27;[34mquorum-controller-0-event-handler&amp#27;[0;39m] &amp#27;[35m6108&amp#27;[0;39m &amp#27;[31mWARN &amp#27;[0;39m &amp#27;[36mo.a.k.controller.QuorumController&amp#27;[0;39m.&amp#27;[33mrecordsForEmptyLog&amp#27;[0;39m:&amp#27;[37m106&amp#27;[0;39m — [QuorumController id=0] Performing controller activation. The metadata log appears to be empty. Appending 6 bootstrap record(s) in metadata transaction at metadata.version 4.2-IV1 from bootstrap source 'testkit'.
&amp#27;[30m2026-07-24 13:04:55,313&amp#27;[0;39m [&amp#27;[34mshare-coordinator-reaper&amp#27;[0;39m] &amp#27;[35m6108&amp#27;[0;39m &amp#27;[34mINFO &amp#27;[0;39m &amp#27;[36mo.a.k.s.u.t.SystemTimerReaper$Reaper&amp#27;[0;39m.&amp#27;[33mrun&amp#27;[0;39m:&amp#27;[37m133&amp#27;[0;39m — [share-coordinator-reaper]: Starting
&amp#27;[30m2026-07-24 13:04:55,313&amp#27;[0;39m [&amp#27;[34mquorum-controller-0-event-handler&amp#27;[0;39m] &amp#27;[35m6108&amp#27;[0;39m &amp#27;[34mINFO &amp#27;[0;39m &amp#27;[36mo.a.k.c.OffsetControlManager&amp#27;[0;39m.&amp#27;[33mreplay&amp#27;[0;39m:&amp#27;[37m392&amp#27;[0;39m — [QuorumController id=0] Replayed BeginTransactionRecord(name='Bootstrap records') at offset 1.
&amp#27;[30m2026-07-24 13:04:55,314&amp#27;[0;39m [&amp#27;[34mquorum-controller-0-event-handler&amp#27;[0;39m] &amp#27;[35m6108&amp#27;[0;39m &amp#27;[34mINFO &amp#27;[0;39m &amp#27;[36mo.a.k.c.FeatureControlManager&amp#27;[0;39m.&amp#27;[33mreplay&amp#27;[0;39m:&amp#27;[37m449&amp#27;[0;39m — [QuorumController id=0] Replayed a FeatureLevelRecord setting metadata.version to 4.2-IV1
&amp#27;[30m2026-07-24 13:04:55,314&amp#27;[0;39m [&amp#27;[34mquorum-controller-0-event-handler&amp#27;[0;39m] &amp#27;[35m6108&amp#27;[0;39m &amp#27;[34mINFO &amp#27;[0;39m &amp#27;[36mo.a.k.c.FeatureControlManager&amp#27;[0;39m.&amp#27;[33mreplay&amp#27;[0;39m:&amp#27;[37m460&amp#27;[0;39m — [QuorumController id=0] Replayed a FeatureLevelRecord setting feature eligible.leader.replicas.version to 1
&amp#27;[30m2026-07-24 13:04:55,314&amp#27;[0;39m [&amp#27;[34mquorum-controller-0-event-handler&amp#27;[0;39m] &amp#27;[35m6108&amp#27;[0;39m &amp#27;[34mINFO &amp#27;[0;39m &amp#27;[36mo.a.k.c.FeatureControlManager&amp#27;[0;39m.&amp#27;[33mreplay&amp#27;[0;39m:&amp#27;[37m460&amp#27;[0;39m — [QuorumController id=0] Replayed a FeatureLevelRecord setting feature group.version to 1
&amp#27;[30m2026-07-24 13:04:55,314&amp#27;[0;39m [&amp#27;[34mquorum-controller-0-event-handler&amp#27;[0;39m] &amp#27;[35m6108&amp#27;[0;39m &amp#27;[34mINFO &amp#27;[0;39m &amp#27;[36mo.a.k.c.FeatureControlManager&amp#27;[0;39m.&amp#27;[33mreplay&amp#27;[0;39m:&amp#27;[37m460&amp#27;[0;39m — [QuorumController id=0] Replayed a FeatureLevelRecord setting feature share.version to 1
&amp#27;[30m2026-07-24 13:04:55,314&amp#27;[0;39m [&amp#27;[34mquorum-controller-0-event-handler&amp#27;[0;39m] &amp#27;[35m6108&amp#27;[0;39m &amp#27;[34mINFO &amp#27;[0;39m &amp#27;[36mo.a.k.c.FeatureControlManager&amp#27;[0;39m.&amp#27;[33mreplay&amp#27;[0;39m:&amp#27;[37m460&amp#27;[0;39m — [QuorumController id=0] Replayed a FeatureLevelRecord setting feature streams.version to 1
&amp#27;[30m2026-07-24 13:04:55,314&amp#27;[0;39m [&amp#27;[34mquorum-controller-0-event-handler&amp#27;[0;39m] &amp#27;[35m6108&amp#27;[0;39m &amp#27;[34mINFO &amp#27;[0;39m &amp#27;[36mo.a.k.c.FeatureControlManager&amp#27;[0;39m.&amp#27;[33mreplay&amp#27;[0;39m:&amp#27;[37m460&amp#27;[0;39m — [QuorumController id=0] Replayed a FeatureLevelRecord setting feature transaction.version to 2
&amp#27;[30m2026-07-24 13:04:55,314&amp#27;[0;39m [&amp#27;[34mquorum-controller-0-event-handler&amp#27;[0;39m] &amp#27;[35m6108&amp#27;[0;39m &amp#27;[34mINFO &amp#27;[0;39m &amp#27;[36mo.a.k.c.ConfigurationControlManager&amp#27;[0;39m.&amp#27;[33mreplay&amp#27;[0;39m:&amp#27;[37m537&amp#27;[0;39m — [QuorumController id=0] Replayed ConfigRecord for ConfigResource(type=BROKER, name='') which set configuration min.insync.replicas to 1
&amp#27;[30m2026-07-24 13:04:55,314&amp#27;[0;39m [&amp#27;[34mquorum-controller-0-event-handler&amp#27;[0;39m] &amp#27;[35m6108&amp#27;[0;39m &amp#27;[34mINFO &amp#27;[0;39m &amp#27;[36mo.a.k.c.OffsetControlManager&amp#27;[0;39m.&amp#27;[33mreplay&amp#27;[0;39m:&amp#27;[37m404&amp#27;[0;39m — [QuorumController id=0] Replayed EndTransactionRecord() at offset 9.
&amp#27;[30m2026-07-24 13:04:55,315&amp#27;[0;39m [&amp#27;[34mquorum-controller-0-event-handler&amp#27;[0;39m] &amp#27;[35m6108&amp#27;[0;39m &amp#27;[34mINFO &amp#27;[0;39m &amp#27;[36mo.a.k.c.PeriodicTaskControlManager&amp#27;[0;39m.&amp#27;[33mactivate&amp#27;[0;39m:&amp#27;[37m231&amp#27;[0;39m — [QuorumController id=0] Activated periodic tasks: electPreferred, electUnclean, expireDelegationTokens, generatePeriodicPerformanceMessage, maybeFenceStaleBroker, writeNoOpRecord
&amp#27;[30m2026-07-24 13:04:55,317&amp#27;[0;39m [&amp#27;[34mExpirationReaper-0-AlterAcls&amp#27;[0;39m] &amp#27;[35m6108&amp#27;[0;39m &amp#27;[34mINFO &amp#27;[0;39m &amp#27;[36mo.a.k.s.p.DelayedOperationPurgatory$ExpiredOperationReaper&amp#27;[0;39m.&amp#27;[33mrun&amp#27;[0;39m:&amp#27;[37m133&amp#27;[0;39m — [ExpirationReaper-0-AlterAcls]: Starting
&amp#27;[30m2026-07-24 13:04:55,326&amp#27;[0;39m [&amp#27;[34mkafka-cluster-test-kit-3&amp#27;[0;39m] &amp#27;[35m6108&amp#27;[0;39m &amp#27;[34mINFO &amp#27;[0;39m &amp#27;[36mkafka.server.ControllerServer&amp#27;[0;39m.&amp#27;[33mwaitWithLogging&amp#27;[0;39m:&amp#27;[37m57&amp#27;[0;39m — [ControllerServer id=0] Waiting for the controller metadata publishers to be installed
&amp#27;[30m2026-07-24 13:04:55,327&amp#27;[0;39m [&amp#27;[34mkafka-cluster-test-kit-3&amp#27;[0;39m] &amp#27;[35m6108&amp#27;[0;39m &amp#27;[34mINFO &amp#27;[0;39m &amp#27;[36mkafka.server.ControllerServer&amp#27;[0;39m.&amp#27;[33mwaitWithLogging&amp#27;[0;39m:&amp#27;[37m60&amp#27;[0;39m — [ControllerServer id=0] Finished waiting for the controller metadata publishers to be installed
&amp#27;[30m2026-07-24 13:04:55,326&amp#27;[0;39m [&amp#27;[34mkafka-0-metadata-loader-event-handler&amp#27;[0;39m] &amp#27;[35m6108&amp#27;[0;39m &amp#27;[34mINFO &amp#27;[0;39m &amp#27;[36mo.a.k.image.loader.MetadataLoader&amp#27;[0;39m.&amp#27;[33mstillNeedToCatchUp&amp#27;[0;39m:&amp#27;[37m243&amp#27;[0;39m — [MetadataLoader id=0] initializeNewPublishers: The loader is still catching up because we have not loaded a controller record as of offset 0 and high water mark is 1
&amp#27;[30m2026-07-24 13:04:55,327&amp#27;[0;39m [&amp#27;[34mkafka-cluster-test-kit-3&amp#27;[0;39m] &amp#27;[35m6108&amp#27;[0;39m &amp#27;[34mINFO &amp#27;[0;39m &amp#27;[36mkafka.network.SocketServer&amp#27;[0;39m.&amp#27;[33minfo&amp#27;[0;39m:&amp#27;[37m69&amp#27;[0;39m — [SocketServer listenerType=CONTROLLER, nodeId=0] Enabling request processing.
&amp#27;[30m2026-07-24 13:04:55,330&amp#27;[0;39m [&amp#27;[34mshare-coordinator-event-processor-0&amp#27;[0;39m] &amp#27;[35m6108&amp#27;[0;39m &amp#27;[34mINFO &amp#27;[0;39m &amp#27;[36mo.a.k.c.c.r.MultiThreadedEventProcessor$EventProcessorThread&amp#27;[0;39m.&amp#27;[33mrun&amp#27;[0;39m:&amp#27;[37m176&amp#27;[0;39m — [share-coordinator-event-processor-0]: Starting
&amp#27;[30m2026-07-24 13:04:55,335&amp#27;[0;39m [&amp#27;[34mpersister-state-manager-reaper&amp#27;[0;39m] &amp#27;[35m6108&amp#27;[0;39m &amp#27;[34mINFO &amp#27;[0;39m &amp#27;[36mo.a.k.s.u.t.SystemTimerReaper$Reaper&amp#27;[0;39m.&amp#27;[33mrun&amp#27;[0;39m:&amp#27;[37m133&amp#27;[0;39m — [persister-state-manager-reaper]: Starting
&amp#27;[30m2026-07-24 13:04:55,336&amp#27;[0;39m [&amp#27;[34mPersisterStateManager&amp#27;[0;39m] &amp#27;[35m6108&amp#27;[0;39m &amp#27;[34mINFO &amp#27;[0;39m &amp#27;[36mo.a.k.s.s.p.PersisterStateManager$SendThread&amp#27;[0;39m.&amp#27;[33mrun&amp#27;[0;39m:&amp#27;[37m133&amp#27;[0;39m — [PersisterStateManager]: Starting
&amp#27;[30m2026-07-24 13:04:55,336&amp#27;[0;39m [&amp#27;[34mgroup-coordinator-reaper&amp#27;[0;39m] &amp#27;[35m6108&amp#27;[0;39m &amp#27;[34mINFO &amp#27;[0;39m &amp#27;[36mo.a.k.s.u.t.SystemTimerReaper$Reaper&amp#27;[0;39m.&amp#27;[33mrun&amp#27;[0;39m:&amp#27;[37m133&amp#27;[0;39m — [group-coordinator-reaper]: Starting
&amp#27;[30m2026-07-24 13:04:55,336&amp#27;[0;39m [&amp#27;[34mcontroller-0-to-controller-registration-channel-manager&amp#27;[0;39m] &amp#27;[35m6108&amp#27;[0;39m &amp#27;[34mINFO &amp#27;[0;39m &amp#27;[36mk.s.NodeToControllerRequestThread&amp#27;[0;39m.&amp#27;[33mrun&amp#27;[0;39m:&amp#27;[37m133&amp#27;[0;39m — [controller-0-to-controller-registration-channel-manager]: Starting
&amp#27;[30m2026-07-24 13:04:55,336&amp#27;[0;39m [&amp#27;[34mcontroller-0-to-controller-registration-channel-manager&amp#27;[0;39m] &amp#27;[35m6108&amp#27;[0;39m &amp#27;[34mINFO &amp#27;[0;39m &amp#27;[36mk.s.NodeToControllerRequestThread&amp#27;[0;39m.&amp#27;[33minfo&amp#27;[0;39m:&amp#27;[37m69&amp#27;[0;39m — [controller-0-to-controller-registration-channel-manager]: Recorded new KRaft controller, from now on will use node localhost:51895 (id: 0 rack: null isFenced: false)
&amp#27;[30m2026-07-24 13:04:55,337&amp#27;[0;39m [&amp#27;[34mcontroller-0-registration-manager-event-handler&amp#27;[0;39m] &amp#27;[35m6108&amp#27;[0;39m &amp#27;[34mINFO &amp#27;[0;39m &amp#27;[36mk.s.ControllerRegistrationManager&amp#27;[0;39m.&amp#27;[33minfo&amp#27;[0;39m:&amp#27;[37m69&amp#27;[0;39m — [ControllerRegistrationManager id=0 incarnation=lVm9CzRbQJSaBQqjQS7IQA] initialized channel manager.
&amp#27;[30m2026-07-24 13:04:55,337&amp#27;[0;39m [&amp#27;[34mcontroller-0-registration-manager-event-handler&amp#27;[0;39m] &amp#27;[35m6108&amp#27;[0;39m &amp#27;[34mINFO &amp#27;[0;39m &amp#27;[36mk.s.ControllerRegistrationManager&amp#27;[0;39m.&amp#27;[33minfo&amp#27;[0;39m:&amp#27;[37m69&amp#27;[0;39m — [ControllerRegistrationManager id=0 incarnation=lVm9CzRbQJSaBQqjQS7IQA] maybeSendControllerRegistration: cannot register yet because the metadata.version is not known yet.
&amp#27;[30m2026-07-24 13:04:55,338&amp#27;[0;39m [&amp#27;[34mkafka-cluster-test-kit-3&amp#27;[0;39m] &amp#27;[35m6108&amp#27;[0;39m &amp#27;[34mINFO &amp#27;[0;39m &amp#27;[36mkafka.server.ControllerServer&amp#27;[0;39m.&amp#27;[33mwaitWithLogging&amp#27;[0;39m:&amp#27;[37m57&amp#27;[0;39m — [ControllerServer id=0] Waiting for all of the authorizer futures to be completed
&amp#27;[30m2026-07-24 13:04:55,338&amp#27;[0;39m [&amp#27;[34mkafka-cluster-test-kit-3&amp#27;[0;39m] &amp#27;[35m6108&amp#27;[0;39m &amp#27;[34mINFO &amp#27;[0;39m &amp#27;[36mkafka.server.ControllerServer&amp#27;[0;39m.&amp#27;[33mwaitWithLogging&amp#27;[0;39m:&amp#27;[37m60&amp#27;[0;39m — [ControllerServer id=0] Finished waiting for all of the authorizer futures to be completed
&amp#27;[30m2026-07-24 13:04:55,338&amp#27;[0;39m [&amp#27;[34mkafka-cluster-test-kit-3&amp#27;[0;39m] &amp#27;[35m6108&amp#27;[0;39m &amp#27;[34mINFO &amp#27;[0;39m &amp#27;[36mkafka.server.ControllerServer&amp#27;[0;39m.&amp#27;[33mwaitWithLogging&amp#27;[0;39m:&amp#27;[37m57&amp#27;[0;39m — [ControllerServer id=0] Waiting for all of the SocketServer Acceptors to be started
&amp#27;[30m2026-07-24 13:04:55,338&amp#27;[0;39m [&amp#27;[34mkafka-cluster-test-kit-3&amp#27;[0;39m] &amp#27;[35m6108&amp#27;[0;39m &amp#27;[34mINFO &amp#27;[0;39m &amp#27;[36mkafka.server.ControllerServer&amp#27;[0;39m.&amp#27;[33mwaitWithLogging&amp#27;[0;39m:&amp#27;[37m60&amp#27;[0;39m — [ControllerServer id=0] Finished waiting for all of the SocketServer Acceptors to be started
&amp#27;[30m2026-07-24 13:04:55,345&amp#27;[0;39m [&amp#27;[34mgroup-coordinator-event-processor-0&amp#27;[0;39m] &amp#27;[35m6108&amp#27;[0;39m &amp#27;[34mINFO &amp#27;[0;39m &amp#27;[36mo.a.k.c.c.r.MultiThreadedEventProcessor$EventProcessorThread&amp#27;[0;39m.&amp#27;[33mrun&amp#27;[0;39m:&amp#27;[37m176&amp#27;[0;39m — [group-coordinator-event-processor-0]: Starting
&amp#27;[30m2026-07-24 13:04:55,345&amp#27;[0;39m [&amp#27;[34mgroup-coordinator-event-processor-1&amp#27;[0;39m] &amp#27;[35m6108&amp#27;[0;39m &amp#27;[34mINFO &amp#27;[0;39m &amp#27;[36mo.a.k.c.c.r.MultiThreadedEventProcessor$EventProcessorThread&amp#27;[0;39m.&amp#27;[33mrun&amp#27;[0;39m:&amp#27;[37m176&amp#27;[0;39m — [group-coordinator-event-processor-1]: Starting
&amp#27;[30m2026-07-24 13:04:55,345&amp#27;[0;39m [&amp#27;[34mgroup-coordinator-event-processor-2&amp#27;[0;39m] &amp#27;[35m6108&amp#27;[0;39m &amp#27;[34mINFO &amp#27;[0;39m &amp#27;[36mo.a.k.c.c.r.MultiThreadedEventProcessor$EventProcessorThread&amp#27;[0;39m.&amp#27;[33mrun&amp#27;[0;39m:&amp#27;[37m176&amp#27;[0;39m — [group-coordinator-event-processor-2]: Starting
&amp#27;[30m2026-07-24 13:04:55,345&amp#27;[0;39m [&amp#27;[34mgroup-coordinator-event-processor-3&amp#27;[0;39m] &amp#27;[35m6108&amp#27;[0;39m &amp#27;[34mINFO &amp#27;[0;39m &amp#27;[36mo.a.k.c.c.r.MultiThreadedEventProcessor$EventProcessorThread&amp#27;[0;39m.&amp#27;[33mrun&amp#27;[0;39m:&amp#27;[37m176&amp#27;[0;39m — [group-coordinator-event-processor-3]: Starting
&amp#27;[30m2026-07-24 13:04:55,349&amp#27;[0;39m [&amp#27;[34mkafka-0-metadata-loader-event-handler&amp#27;[0;39m] &amp#27;[35m6108&amp#27;[0;39m &amp#27;[34mINFO &amp#27;[0;39m &amp#27;[36mo.a.k.image.loader.MetadataLoader&amp#27;[0;39m.&amp#27;[33mstillNeedToCatchUp&amp#27;[0;39m:&amp#27;[37m247&amp#27;[0;39m — [MetadataLoader id=0] maybePublishMetadata(LOG_DELTA): The loader finished catching up to the current high water mark of 10
&amp#27;[30m2026-07-24 13:04:55,351&amp#27;[0;39m [&amp#27;[34mkafka-0-metadata-loader-event-handler&amp#27;[0;39m] &amp#27;[35m6108&amp#27;[0;39m &amp#27;[34mINFO &amp#27;[0;39m &amp#27;[36mo.a.k.image.loader.MetadataLoader&amp#27;[0;39m.&amp#27;[33minitializeNewPublishers&amp#27;[0;39m:&amp#27;[37m306&amp#27;[0;39m — [MetadataLoader id=0] InitializeNewPublishers: initializing SnapshotGenerator with a snapshot at offset 9
&amp#27;[30m2026-07-24 13:04:55,351&amp#27;[0;39m [&amp#27;[34mkafka-0-metadata-loader-event-handler&amp#27;[0;39m] &amp#27;[35m6108&amp#27;[0;39m &amp#27;[34mINFO &amp#27;[0;39m &amp#27;[36mo.a.k.image.loader.MetadataLoader&amp#27;[0;39m.&amp#27;[33minitializeNewPublishers&amp#27;[0;39m:&amp#27;[37m306&amp#27;[0;39m — [MetadataLoader id=0] InitializeNewPublishers: initializing KRaftMetadataCachePublisher with a snapshot at offset 9
&amp#27;[30m2026-07-24 13:04:55,352&amp#27;[0;39m [&amp#27;[34mkafka-0-metadata-loader-event-handler&amp#27;[0;39m] &amp#27;[35m6108&amp#27;[0;39m &amp#27;[34mINFO &amp#27;[0;39m &amp#27;[36mo.a.k.image.loader.MetadataLoader&amp#27;[0;39m.&amp#27;[33minitializeNewPublishers&amp#27;[0;39m:&amp#27;[37m306&amp#27;[0;39m — [MetadataLoader id=0] InitializeNewPublishers: initializing FeaturesPublisher with a snapshot at offset 9
&amp#27;[30m2026-07-24 13:04:55,353&amp#27;[0;39m [&amp#27;[34mkafka-0-metadata-loader-event-handler&amp#27;[0;39m] &amp#27;[35m6108&amp#27;[0;39m &amp#27;[34mINFO &amp#27;[0;39m &amp#27;[36mo.a.k.m.publisher.FeaturesPublisher&amp#27;[0;39m.&amp#27;[33monMetadataUpdate&amp#27;[0;39m:&amp#27;[37m63&amp#27;[0;39m — [ControllerServer id=0] Loaded new metadata FinalizedFeatures[metadataVersion=4.2-IV1, finalizedFeatures={group.version=1, streams.version=1, transaction.version=2, eligible.leader.replicas.version=1, share.version=1, metadata.version=29}, finalizedFeaturesEpoch=9].
&amp#27;[30m2026-07-24 13:04:55,353&amp#27;[0;39m [&amp#27;[34mkafka-0-metadata-loader-event-handler&amp#27;[0;39m] &amp#27;[35m6108&amp#27;[0;39m &amp#27;[34mINFO &amp#27;[0;39m &amp#27;[36mo.a.k.image.loader.MetadataLoader&amp#27;[0;39m.&amp#27;[33minitializeNewPublishers&amp#27;[0;39m:&amp#27;[37m306&amp#27;[0;39m — [MetadataLoader id=0] InitializeNewPublishers: initializing ControllerRegistrationsPublisher with a snapshot at offset 9
&amp#27;[30m2026-07-24 13:04:55,353&amp#27;[0;39m [&amp#27;[34mkafka-0-metadata-loader-event-handler&amp#27;[0;39m] &amp#27;[35m6108&amp#27;[0;39m &amp#27;[34mINFO &amp#27;[0;39m &amp#27;[36mo.a.k.image.loader.MetadataLoader&amp#27;[0;39m.&amp#27;[33minitializeNewPublishers&amp#27;[0;39m:&amp#27;[37m306&amp#27;[0;39m — [MetadataLoader id=0] InitializeNewPublishers: initializing ControllerRegistrationManager with a snapshot at offset 9
&amp#27;[30m2026-07-24 13:04:55,353&amp#27;[0;39m [&amp#27;[34mkafka-0-metadata-loader-event-handler&amp#27;[0;39m] &amp#27;[35m6108&amp#27;[0;39m &amp#27;[34mINFO &amp#27;[0;39m &amp#27;[36mo.a.k.image.loader.MetadataLoader&amp#27;[0;39m.&amp#27;[33minitializeNewPublishers&amp#27;[0;39m:&amp#27;[37m306&amp#27;[0;39m — [MetadataLoader id=0] InitializeNewPublishers: initializing DynamicConfigPublisher controller id=0 with a snapshot at offset 9
&amp#27;[30m2026-07-24 13:04:55,355&amp#27;[0;39m [&amp#27;[34mcontroller-0-registration-manager-event-handler&amp#27;[0;39m] &amp#27;[35m6108&amp#27;[0;39m &amp#27;[34mINFO &amp#27;[0;39m &amp#27;[36mk.s.ControllerRegistrationManager&amp#27;[0;39m.&amp#27;[33minfo&amp#27;[0;39m:&amp#27;[37m69&amp#27;[0;39m — [ControllerRegistrationManager id=0 incarnation=lVm9CzRbQJSaBQqjQS7IQA] sendControllerRegistration: attempting to send ControllerRegistrationRequestData(controllerId=0, incarnationId=lVm9CzRbQJSaBQqjQS7IQA, zkMigrationReady=false, listeners=[Listener(name='CONTROLLER', host='localhost', port=51895, securityProtocol=0)], features=[Feature(name='group.version', minSupportedVersion=0, maxSupportedVersion=1), Feature(name='kraft.version', minSupportedVersion=0, maxSupportedVersion=1), Feature(name='metadata.version', minSupportedVersion=7, maxSupportedVersion=29), Feature(name='share.version', minSupportedVersion=0, maxSupportedVersion=1), Feature(name='streams.version', minSupportedVersion=0, maxSupportedVersion=1), Feature(name='transaction.version', minSupportedVersion=0, maxSupportedVersion=2), Feature(name='eligible.leader.replicas.version', minSupportedVersion=0, maxSupportedVersion=1)])
&amp#27;[30m2026-07-24 13:04:55,359&amp#27;[0;39m [&amp#27;[34mkafka-0-metadata-loader-event-handler&amp#27;[0;39m] &amp#27;[35m6108&amp#27;[0;39m &amp#27;[34mINFO &amp#27;[0;39m &amp#27;[36mk.s.metadata.DynamicConfigPublisher&amp#27;[0;39m.&amp#27;[33minfo&amp#27;[0;39m:&amp#27;[37m69&amp#27;[0;39m — [DynamicConfigPublisher controller id=0] Updating cluster configuration : min.insync.replicas -> 1
&amp#27;[30m2026-07-24 13:04:55,364&amp#27;[0;39m [&amp#27;[34mkafka-0-metadata-loader-event-handler&amp#27;[0;39m] &amp#27;[35m6108&amp#27;[0;39m &amp#27;[34mINFO &amp#27;[0;39m &amp#27;[36mo.a.k.common.config.AbstractConfig&amp#27;[0;39m.&amp#27;[33mlogAll&amp#27;[0;39m:&amp#27;[37m380&amp#27;[0;39m — KafkaConfig values: 
	add.partitions.to.txn.retry.backoff.max.ms = 100
	add.partitions.to.txn.retry.backoff.ms = 20
	advertised.listeners = null
	alter.config.policy.class.name = null
	alter.log.dirs.replication.quota.window.num = 11
	alter.log.dirs.replication.quota.window.size.seconds = 1
	authorizer.class.name = 
	auto.create.topics.enable = true
	auto.leader.rebalance.enable = true
	background.threads = 10
	broker.heartbeat.interval.ms = 2000
	broker.id = 0
	broker.rack = null
	broker.session.timeout.ms = 9000
	client.quota.callback.class = null
	compression.gzip.level = -1
	compression.lz4.level = 9
	compression.type = producer
	compression.zstd.level = 3
	connection.failed.authentication.delay.ms = 100
	connections.max.idle.ms = 600000
	connections.max.reauth.ms = 0
	controlled.shutdown.enable = true
	controller.listener.names = CONTROLLER
	controller.performance.always.log.threshold.ms = 2000
	controller.performance.sample.period.ms = 60000
	controller.quorum.append.linger.ms = 25
	controller.quorum.bootstrap.servers = []
	controller.quorum.election.backoff.max.ms = 1000
	controller.quorum.election.timeout.ms = 1000
	controller.quorum.fetch.timeout.ms = 2000
	controller.quorum.request.timeout.ms = 2000
	controller.quorum.retry.backoff.ms = 20
	controller.quorum.voters = [0@localhost:51895]
	controller.quota.window.num = 11
	controller.quota.window.size.seconds = 1
	controller.socket.timeout.ms = 30000
	create.topic.policy.class.name = null
	default.replication.factor = 1
	delegation.token.expiry.check.interval.ms = 3600000
	delegation.token.expiry.time.ms = 86400000
	delegation.token.max.lifetime.ms = 604800000
	delegation.token.secret.key = null
	delete.records.purgatory.purge.interval.requests = 1
	delete.topic.enable = true
	early.start.listeners = null
	fetch.max.bytes = 57671680
	fetch.purgatory.purge.interval.requests = 1000
	group.consumer.assignors = [uniform, range]
	group.consumer.heartbeat.interval.ms = 5000
	group.consumer.max.heartbeat.interval.ms = 15000
	group.consumer.max.session.timeout.ms = 60000
	group.consumer.max.size = 2147483647
	group.consumer.migration.policy = bidirectional
	group.consumer.min.heartbeat.interval.ms = 5000
	group.consumer.min.session.timeout.ms = 45000
	group.consumer.regex.refresh.interval.ms = 600000
	group.consumer.session.timeout.ms = 45000
	group.coordinator.append.linger.ms = 5
	group.coordinator.rebalance.protocols = [classic, consumer, streams]
	group.coordinator.threads = 4
	group.initial.rebalance.delay.ms = 0
	group.max.session.timeout.ms = 1800000
	group.max.size = 2147483647
	group.min.session.timeout.ms = 6000
	group.share.assignors = [simple]
	group.share.delivery.count.limit = 5
	group.share.enable = false
	group.share.heartbeat.interval.ms = 5000
	group.share.max.heartbeat.interval.ms = 15000
	group.share.max.record.lock.duration.ms = 60000
	group.share.max.session.timeout.ms = 60000
	group.share.max.share.sessions = 2000
	group.share.max.size = 200
	group.share.min.heartbeat.interval.ms = 5000
	group.share.min.record.lock.duration.ms = 15000
	group.share.min.session.timeout.ms = 45000
	group.share.partition.max.record.locks = 2000
	group.share.persister.class.name = org.apache.kafka.server.share.persister.DefaultStatePersister
	group.share.record.lock.duration.ms = 30000
	group.share.session.timeout.ms = 45000
	group.streams.heartbeat.interval.ms = 5000
	group.streams.max.heartbeat.interval.ms = 15000
	group.streams.max.session.timeout.ms = 60000
	group.streams.max.size = 2147483647
	group.streams.max.standby.replicas = 2
	group.streams.min.heartbeat.interval.ms = 5000
	group.streams.min.session.timeout.ms = 45000
	group.streams.num.standby.replicas = 0
	group.streams.session.timeout.ms = 45000
	initial.broker.registration.timeout.ms = 60000
	inter.broker.listener.name = EXTERNAL
	internal.metadata.delete.delay.millis = 60000
	internal.metadata.log.segment.bytes = null
	internal.metadata.max.batch.size.in.bytes = 8388608
	internal.metadata.max.fetch.size.in.bytes = 8388608
	kafka.metrics.polling.interval.secs = 10
	kafka.metrics.reporters = []
	leader.imbalance.check.interval.seconds = 300
	listener.security.protocol.map = EXTERNAL:PLAINTEXT,CONTROLLER:PLAINTEXT
	listeners = EXTERNAL://localhost:0,CONTROLLER://localhost:0
	log.cleaner.backoff.ms = 15000
	log.cleaner.dedupe.buffer.size = 2097152
	log.cleaner.delete.retention.ms = 86400000
	log.cleaner.enable = true
	log.cleaner.io.buffer.load.factor = 0.9
	log.cleaner.io.buffer.size = 524288
	log.cleaner.io.max.bytes.per.second = 1.7976931348623157E308
	log.cleaner.max.compaction.lag.ms = 9223372036854775807
	log.cleaner.min.cleanable.ratio = 0.5
	log.cleaner.min.compaction.lag.ms = 0
	log.cleaner.threads = 1
	log.cleanup.policy = [delete]
	log.dir = /tmp/kafka-logs
	log.dir.failure.timeout.ms = 30000
	log.dirs = /var/folders/pd/n1ldqls54mqblskv88t11ccm0000gn/T/kafka-7894323199852710434/combined_0_0
	log.flush.interval.messages = 9223372036854775807
	log.flush.interval.ms = null
	log.flush.offset.checkpoint.interval.ms = 60000
	log.flush.scheduler.interval.ms = 9223372036854775807
	log.flush.start.offset.checkpoint.interval.ms = 60000
	log.index.interval.bytes = 4096
	log.index.size.max.bytes = 10485760
	log.initial.task.delay.ms = 30000
	log.local.retention.bytes = -2
	log.local.retention.ms = -2
	log.message.timestamp.after.max.ms = 3600000
	log.message.timestamp.before.max.ms = 9223372036854775807
	log.message.timestamp.type = CreateTime
	log.preallocate = false
	log.retention.bytes = -1
	log.retention.check.interval.ms = 300000
	log.retention.hours = 168
	log.retention.minutes = null
	log.retention.ms = null
	log.roll.hours = 168
	log.roll.jitter.hours = 0
	log.roll.jitter.ms = null
	log.roll.ms = null
	log.segment.bytes = 1073741824
	log.segment.delete.delay.ms = 60000
	max.connection.creation.rate = 2147483647
	max.connections = 2147483647
	max.connections.per.ip = 2147483647
	max.connections.per.ip.overrides = 
	max.incremental.fetch.session.cache.slots = 1000
	max.request.partition.size.limit = 2000
	message.max.bytes = 1048588
	metadata.log.dir = /var/folders/pd/n1ldqls54mqblskv88t11ccm0000gn/T/kafka-7894323199852710434/combined_0_0
	metadata.log.max.record.bytes.between.snapshots = 20971520
	metadata.log.max.snapshot.interval.ms = 3600000
	metadata.log.segment.bytes = 1073741824
	metadata.log.segment.ms = 604800000
	metadata.max.idle.interval.ms = 500
	metadata.max.retention.bytes = 104857600
	metadata.max.retention.ms = 604800000
	metric.reporters = [org.apache.kafka.common.metrics.JmxReporter]
	metrics.num.samples = 2
	metrics.recording.level = INFO
	metrics.sample.window.ms = 30000
	min.insync.replicas = 1
	node.id = 0
	num.io.threads = 8
	num.network.threads = 3
	num.partitions = 1
	num.recovery.threads.per.data.dir = 2
	num.replica.alter.log.dirs.threads = null
	num.replica.fetchers = 1
	offset.metadata.max.bytes = 4096
	offsets.commit.timeout.ms = 5000
	offsets.load.buffer.size = 5242880
	offsets.retention.check.interval.ms = 600000
	offsets.retention.minutes = 10080
	offsets.topic.compression.codec = 0
	offsets.topic.num.partitions = 50
	offsets.topic.replication.factor = 1
	offsets.topic.segment.bytes = 104857600
	principal.builder.class = class org.apache.kafka.common.security.authenticator.DefaultKafkaPrincipalBuilder
	process.roles = [broker, controller]
	producer.id.expiration.check.interval.ms = 600000
	producer.id.expiration.ms = 86400000
	producer.purgatory.purge.interval.requests = 1000
	queued.max.request.bytes = -1
	queued.max.requests = 500
	quota.window.num = 11
	quota.window.size.seconds = 1
	remote.fetch.max.wait.ms = 500
	remote.list.offsets.request.timeout.ms = 30000
	remote.log.index.file.cache.total.size.bytes = 1073741824
	remote.log.manager.copier.thread.pool.size = 10
	remote.log.manager.copy.max.bytes.per.second = 9223372036854775807
	remote.log.manager.copy.quota.window.num = 11
	remote.log.manager.copy.quota.window.size.seconds = 1
	remote.log.manager.expiration.thread.pool.size = 10
	remote.log.manager.fetch.max.bytes.per.second = 9223372036854775807
	remote.log.manager.fetch.quota.window.num = 11
	remote.log.manager.fetch.quota.window.size.seconds = 1
	remote.log.manager.task.interval.ms = 30000
	remote.log.manager.task.retry.backoff.max.ms = 30000
	remote.log.manager.task.retry.backoff.ms = 500
	remote.log.manager.task.retry.jitter = 0.2
	remote.log.manager.thread.pool.size = 2
	remote.log.metadata.custom.metadata.max.bytes = 128
	remote.log.metadata.manager.class.name = org.apache.kafka.server.log.remote.metadata.storage.TopicBasedRemoteLogMetadataManager
	remote.log.metadata.manager.class.path = null
	remote.log.metadata.manager.impl.prefix = rlmm.config.
	remote.log.metadata.manager.listener.name = null
	remote.log.reader.max.pending.tasks = 100
	remote.log.reader.threads = 10
	remote.log.storage.manager.class.name = null
	remote.log.storage.manager.class.path = null
	remote.log.storage.manager.impl.prefix = rsm.config.
	remote.log.storage.system.enable = false
	replica.fetch.backoff.ms = 1000
	replica.fetch.max.bytes = 1048576
	replica.fetch.min.bytes = 1
	replica.fetch.response.max.bytes = 10485760
	replica.fetch.wait.max.ms = 500
	replica.high.watermark.checkpoint.interval.ms = 5000
	replica.lag.time.max.ms = 30000
	replica.selector.class = null
	replica.socket.receive.buffer.bytes = 65536
	replica.socket.timeout.ms = 30000
	replication.quota.window.num = 11
	replication.quota.window.size.seconds = 1
	request.timeout.ms = 30000
	sasl.client.callback.handler.class = null
	sasl.enabled.mechanisms = [GSSAPI]
	sasl.jaas.config = null
	sasl.kerberos.kinit.cmd = /usr/bin/kinit
	sasl.kerberos.min.time.before.relogin = 60000
	sasl.kerberos.principal.to.local.rules = [DEFAULT]
	sasl.kerberos.service.name = null
	sasl.kerberos.ticket.renew.jitter = 0.05
	sasl.kerberos.ticket.renew.window.factor = 0.8
	sasl.login.callback.handler.class = null
	sasl.login.class = null
	sasl.login.connect.timeout.ms = null
	sasl.login.read.timeout.ms = null
	sasl.login.refresh.buffer.seconds = 300
	sasl.login.refresh.min.period.seconds = 60
	sasl.login.refresh.window.factor = 0.8
	sasl.login.refresh.window.jitter = 0.05
	sasl.login.retry.backoff.max.ms = 10000
	sasl.login.retry.backoff.ms = 100
	sasl.mechanism.controller.protocol = GSSAPI
	sasl.mechanism.inter.broker.protocol = GSSAPI
	sasl.oauthbearer.assertion.algorithm = RS256
	sasl.oauthbearer.assertion.claim.aud = null
	sasl.oauthbearer.assertion.claim.exp.seconds = 300
	sasl.oauthbearer.assertion.claim.iss = null
	sasl.oauthbearer.assertion.claim.jti.include = false
	sasl.oauthbearer.assertion.claim.nbf.seconds = 60
	sasl.oauthbearer.assertion.claim.sub = null
	sasl.oauthbearer.assertion.file = null
	sasl.oauthbearer.assertion.private.key.file = null
	sasl.oauthbearer.assertion.private.key.passphrase = null
	sasl.oauthbearer.assertion.template.file = null
	sasl.oauthbearer.client.credentials.client.id = null
	sasl.oauthbearer.client.credentials.client.secret = null
	sasl.oauthbearer.clock.skew.seconds = 30
	sasl.oauthbearer.expected.audience = null
	sasl.oauthbearer.expected.issuer = null
	sasl.oauthbearer.jwks.endpoint.refresh.ms = 3600000
	sasl.oauthbearer.jwks.endpoint.retry.backoff.max.ms = 10000
	sasl.oauthbearer.jwks.endpoint.retry.backoff.ms = 100
	sasl.oauthbearer.jwks.endpoint.url = null
	sasl.oauthbearer.jwt.retriever.class = class org.apache.kafka.common.security.oauthbearer.DefaultJwtRetriever
	sasl.oauthbearer.jwt.validator.class = class org.apache.kafka.common.security.oauthbearer.DefaultJwtValidator
	sasl.oauthbearer.scope = null
	sasl.oauthbearer.scope.claim.name = scope
	sasl.oauthbearer.sub.claim.name = sub
	sasl.oauthbearer.token.endpoint.url = null
	sasl.server.callback.handler.class = null
	sasl.server.max.receive.size = 524288
	security.inter.broker.protocol = PLAINTEXT
	security.providers = null
	server.max.startup.time.ms = 600000
	share.coordinator.append.linger.ms = 5
	share.coordinator.cold.partition.snapshot.interval.ms = 300000
	share.coordinator.load.buffer.size = 5242880
	share.coordinator.snapshot.update.records.per.snapshot = 500
	share.coordinator.state.topic.compression.codec = 0
	share.coordinator.state.topic.min.isr = 2
	share.coordinator.state.topic.num.partitions = 50
	share.coordinator.state.topic.prune.interval.ms = 300000
	share.coordinator.state.topic.replication.factor = 3
	share.coordinator.state.topic.segment.bytes = 104857600
	share.coordinator.threads = 1
	share.coordinator.write.timeout.ms = 5000
	share.fetch.purgatory.purge.interval.requests = 1000
	socket.connection.setup.timeout.max.ms = 30000
	socket.connection.setup.timeout.ms = 10000
	socket.listen.backlog.size = 50
	socket.receive.buffer.bytes = 102400
	socket.request.max.bytes = 104857600
	socket.send.buffer.bytes = 102400
	ssl.allow.dn.changes = false
	ssl.allow.san.changes = false
	ssl.cipher.suites = []
	ssl.client.auth = none
	ssl.enabled.protocols = [TLSv1.2, TLSv1.3]
	ssl.endpoint.identification.algorithm = https
	ssl.engine.factory.class = null
	ssl.key.password = null
	ssl.keymanager.algorithm = SunX509
	ssl.keystore.certificate.chain = null
	ssl.keystore.key = null
	ssl.keystore.location = null
	ssl.keystore.password = null
	ssl.keystore.type = JKS
	ssl.principal.mapping.rules = DEFAULT
	ssl.protocol = TLSv1.3
	ssl.provider = null
	ssl.secure.random.implementation = null
	ssl.trustmanager.algorithm = PKIX
	ssl.truststore.certificates = null
	ssl.truststore.location = null
	ssl.truststore.password = null
	ssl.truststore.type = JKS
	telemetry.max.bytes = 1048576
	transaction.abort.timed.out.transaction.cleanup.interval.ms = 10000
	transaction.max.timeout.ms = 900000
	transaction.partition.verification.enable = true
	transaction.remove.expired.transaction.cleanup.interval.ms = 3600000
	transaction.state.log.load.buffer.size = 5242880
	transaction.state.log.min.isr = 2
	transaction.state.log.num.partitions = 50
	transaction.state.log.replication.factor = 1
	transaction.state.log.segment.bytes = 104857600
	transaction.two.phase.commit.enable = false
	transactional.id.expiration.ms = 604800000
	unclean.leader.election.enable = false
	unclean.leader.election.interval.ms = 300000
	unstable.api.versions.enable = true
	unstable.feature.versions.enable = true

&amp#27;[30m2026-07-24 13:04:55,368&amp#27;[0;39m [&amp#27;[34mkafka-cluster-test-kit-4&amp#27;[0;39m] &amp#27;[35m6108&amp#27;[0;39m &amp#27;[34mINFO &amp#27;[0;39m &amp#27;[36mkafka.log.LogManager&amp#27;[0;39m.&amp#27;[33minfo&amp#27;[0;39m:&amp#27;[37m69&amp#27;[0;39m — Unable to read the broker epoch in /var/folders/pd/n1ldqls54mqblskv88t11ccm0000gn/T/kafka-7894323199852710434/combined_0_0.
&amp#27;[30m2026-07-24 13:04:55,369&amp#27;[0;39m [&amp#27;[34mkafka-0-metadata-loader-event-handler&amp#27;[0;39m] &amp#27;[35m6108&amp#27;[0;39m &amp#27;[34mINFO &amp#27;[0;39m &amp#27;[36mo.a.k.image.loader.MetadataLoader&amp#27;[0;39m.&amp#27;[33minitializeNewPublishers&amp#27;[0;39m:&amp#27;[37m306&amp#27;[0;39m — [MetadataLoader id=0] InitializeNewPublishers: initializing DynamicClientQuotaPublisher controller id=0 with a snapshot at offset 9
&amp#27;[30m2026-07-24 13:04:55,369&amp#27;[0;39m [&amp#27;[34mbroker-0-to-controller-heartbeat-channel-manager&amp#27;[0;39m] &amp#27;[35m6108&amp#27;[0;39m &amp#27;[34mINFO &amp#27;[0;39m &amp#27;[36mk.s.NodeToControllerRequestThread&amp#27;[0;39m.&amp#27;[33mrun&amp#27;[0;39m:&amp#27;[37m133&amp#27;[0;39m — [broker-0-to-controller-heartbeat-channel-manager]: Starting
&amp#27;[30m2026-07-24 13:04:55,370&amp#27;[0;39m [&amp#27;[34mkafka-0-metadata-loader-event-handler&amp#27;[0;39m] &amp#27;[35m6108&amp#27;[0;39m &amp#27;[34mINFO &amp#27;[0;39m &amp#27;[36mo.a.k.image.loader.MetadataLoader&amp#27;[0;39m.&amp#27;[33minitializeNewPublishers&amp#27;[0;39m:&amp#27;[37m306&amp#27;[0;39m — [MetadataLoader id=0] InitializeNewPublishers: initializing DynamicTopicClusterQuotaPublisher controller id=0 with a snapshot at offset 9
&amp#27;[30m2026-07-24 13:04:55,370&amp#27;[0;39m [&amp#27;[34mkafka-0-metadata-loader-event-handler&amp#27;[0;39m] &amp#27;[35m6108&amp#27;[0;39m &amp#27;[34mINFO &amp#27;[0;39m &amp#27;[36mo.a.k.image.loader.MetadataLoader&amp#27;[0;39m.&amp#27;[33minitializeNewPublishers&amp#27;[0;39m:&amp#27;[37m306&amp#27;[0;39m — [MetadataLoader id=0] InitializeNewPublishers: initializing ScramPublisher controller id=0 with a snapshot at offset 9
&amp#27;[30m2026-07-24 13:04:55,370&amp#27;[0;39m [&amp#27;[34mbroker-0-to-controller-heartbeat-channel-manager&amp#27;[0;39m] &amp#27;[35m6108&amp#27;[0;39m &amp#27;[34mINFO &amp#27;[0;39m &amp#27;[36mk.s.NodeToControllerRequestThread&amp#27;[0;39m.&amp#27;[33minfo&amp#27;[0;39m:&amp#27;[37m69&amp#27;[0;39m — [broker-0-to-controller-heartbeat-channel-manager]: Recorded new KRaft controller, from now on will use node localhost:51895 (id: 0 rack: null isFenced: false)
&amp#27;[30m2026-07-24 13:04:55,371&amp#27;[0;39m [&amp#27;[34mkafka-0-metadata-loader-event-handler&amp#27;[0;39m] &amp#27;[35m6108&amp#27;[0;39m &amp#27;[34mINFO &amp#27;[0;39m &amp#27;[36mo.a.k.image.loader.MetadataLoader&amp#27;[0;39m.&amp#27;[33minitializeNewPublishers&amp#27;[0;39m:&amp#27;[37m306&amp#27;[0;39m — [MetadataLoader id=0] InitializeNewPublishers: initializing DelegationTokenPublisher controller id=0 with a snapshot at offset 9
&amp#27;[30m2026-07-24 13:04:55,373&amp#27;[0;39m [&amp#27;[34mbroker-0-lifecycle-manager-event-handler&amp#27;[0;39m] &amp#27;[35m6108&amp#27;[0;39m &amp#27;[34mINFO &amp#27;[0;39m &amp#27;[36mkafka.server.BrokerLifecycleManager&amp#27;[0;39m.&amp#27;[33minfo&amp#27;[0;39m:&amp#27;[37m69&amp#27;[0;39m — [BrokerLifecycleManager id=0] Incarnation Jn0wJO0MQem91UHrE3vOFw of broker 0 in cluster Eyu2OE1eR0SFFqGphe2_Eg is now STARTING.
&amp#27;[30m2026-07-24 13:04:55,373&amp#27;[0;39m [&amp#27;[34mkafka-0-metadata-loader-event-handler&amp#27;[0;39m] &amp#27;[35m6108&amp#27;[0;39m &amp#27;[34mINFO &amp#27;[0;39m &amp#27;[36mo.a.k.image.loader.MetadataLoader&amp#27;[0;39m.&amp#27;[33minitializeNewPublishers&amp#27;[0;39m:&amp#27;[37m306&amp#27;[0;39m — [MetadataLoader id=0] InitializeNewPublishers: initializing ControllerMetadataMetricsPublisher with a snapshot at offset 9
&amp#27;[30m2026-07-24 13:04:55,374&amp#27;[0;39m [&amp#27;[34mkafka-0-metadata-loader-event-handler&amp#27;[0;39m] &amp#27;[35m6108&amp#27;[0;39m &amp#27;[34mINFO &amp#27;[0;39m &amp#27;[36mo.a.k.image.loader.MetadataLoader&amp#27;[0;39m.&amp#27;[33minitializeNewPublishers&amp#27;[0;39m:&amp#27;[37m306&amp#27;[0;39m — [MetadataLoader id=0] InitializeNewPublishers: initializing AclPublisher controller id=0 with a snapshot at offset 9
&amp#27;[30m2026-07-24 13:04:55,384&amp#27;[0;39m [&amp#27;[34mshare-group-lock-timeout-reaper&amp#27;[0;39m] &amp#27;[35m6108&amp#27;[0;39m &amp#27;[34mINFO &amp#27;[0;39m &amp#27;[36mo.a.k.s.u.t.SystemTimerReaper$Reaper&amp#27;[0;39m.&amp#27;[33mrun&amp#27;[0;39m:&amp#27;[37m133&amp#27;[0;39m — [share-group-lock-timeout-reaper]: Starting
&amp#27;[30m2026-07-24 13:04:55,396&amp#27;[0;39m [&amp#27;[34mExpirationReaper-0-AlterAcls&amp#27;[0;39m] &amp#27;[35m6108&amp#27;[0;39m &amp#27;[34mINFO &amp#27;[0;39m &amp#27;[36mo.a.k.s.p.DelayedOperationPurgatory$ExpiredOperationReaper&amp#27;[0;39m.&amp#27;[33mrun&amp#27;[0;39m:&amp#27;[37m133&amp#27;[0;39m — [ExpirationReaper-0-AlterAcls]: Starting
&amp#27;[30m2026-07-24 13:04:55,408&amp#27;[0;39m [&amp#27;[34mquorum-controller-0-event-handler&amp#27;[0;39m] &amp#27;[35m6108&amp#27;[0;39m &amp#27;[34mINFO &amp#27;[0;39m &amp#27;[36mo.a.k.c.ClusterControlManager&amp#27;[0;39m.&amp#27;[33mreplay&amp#27;[0;39m:&amp#27;[37m694&amp#27;[0;39m — [QuorumController id=0] Replayed RegisterControllerRecord containing ControllerRegistration(id=0, incarnationId=lVm9CzRbQJSaBQqjQS7IQA, zkMigrationReady=false, listeners=[Endpoint(listenerName='CONTROLLER', securityProtocol=PLAINTEXT, host='localhost', port=51895)], supportedFeatures={eligible.leader.replicas.version: 0-1, group.version: 0-1, kraft.version: 0-1, metadata.version: 7-29, share.version: 0-1, streams.version: 0-1, transaction.version: 0-2}).
&amp#27;[30m2026-07-24 13:04:55,410&amp#27;[0;39m [&amp#27;[34mkafka-cluster-test-kit-4&amp#27;[0;39m] &amp#27;[35m6108&amp#27;[0;39m &amp#27;[34mINFO &amp#27;[0;39m &amp#27;[36mkafka.server.BrokerServer&amp#27;[0;39m.&amp#27;[33mwaitWithLogging&amp#27;[0;39m:&amp#27;[37m57&amp#27;[0;39m — [BrokerServer id=0] Waiting for the broker metadata publishers to be installed
&amp#27;[30m2026-07-24 13:04:55,410&amp#27;[0;39m [&amp#27;[34mkafka-cluster-test-kit-4&amp#27;[0;39m] &amp#27;[35m6108&amp#27;[0;39m &amp#27;[34mINFO &amp#27;[0;39m &amp#27;[36mkafka.server.BrokerServer&amp#27;[0;39m.&amp#27;[33mwaitWithLogging&amp#27;[0;39m:&amp#27;[37m60&amp#27;[0;39m — [BrokerServer id=0] Finished waiting for the broker metadata publishers to be installed
&amp#27;[30m2026-07-24 13:04:55,410&amp#27;[0;39m [&amp#27;[34mkafka-cluster-test-kit-4&amp#27;[0;39m] &amp#27;[35m6108&amp#27;[0;39m &amp#27;[34mINFO &amp#27;[0;39m &amp#27;[36mkafka.server.BrokerServer&amp#27;[0;39m.&amp#27;[33mwaitWithLogging&amp#27;[0;39m:&amp#27;[37m57&amp#27;[0;39m — [BrokerServer id=0] Waiting for the controller to acknowledge that we are caught up
&amp#27;[30m2026-07-24 13:04:55,410&amp#27;[0;39m [&amp#27;[34mkafka-0-metadata-loader-event-handler&amp#27;[0;39m] &amp#27;[35m6108&amp#27;[0;39m &amp#27;[34mINFO &amp#27;[0;39m &amp#27;[36mo.a.k.image.loader.MetadataLoader&amp#27;[0;39m.&amp#27;[33minitializeNewPublishers&amp#27;[0;39m:&amp#27;[37m306&amp#27;[0;39m — [MetadataLoader id=0] InitializeNewPublishers: initializing MetadataVersionPublisher(id=0) with a snapshot at offset 9
&amp#27;[30m2026-07-24 13:04:55,410&amp#27;[0;39m [&amp#27;[34mkafka-0-metadata-loader-event-handler&amp#27;[0;39m] &amp#27;[35m6108&amp#27;[0;39m &amp#27;[34mINFO &amp#27;[0;39m &amp#27;[36mo.a.k.image.loader.MetadataLoader&amp#27;[0;39m.&amp#27;[33minitializeNewPublishers&amp#27;[0;39m:&amp#27;[37m306&amp#27;[0;39m — [MetadataLoader id=0] InitializeNewPublishers: initializing BrokerMetadataPublisher with a snapshot at offset 9
&amp#27;[30m2026-07-24 13:04:55,411&amp#27;[0;39m [&amp#27;[34mkafka-0-metadata-loader-event-handler&amp#27;[0;39m] &amp#27;[35m6108&amp#27;[0;39m &amp#27;[34mINFO &amp#27;[0;39m &amp#27;[36mk.s.metadata.BrokerMetadataPublisher&amp#27;[0;39m.&amp#27;[33minfo&amp#27;[0;39m:&amp#27;[37m69&amp#27;[0;39m — [BrokerMetadataPublisher id=0] Publishing initial metadata at offset OffsetAndEpoch[offset=9, epoch=1] with metadata.version Optional[4.2-IV1].
&amp#27;[30m2026-07-24 13:04:55,411&amp#27;[0;39m [&amp#27;[34mkafka-0-metadata-loader-event-handler&amp#27;[0;39m] &amp#27;[35m6108&amp#27;[0;39m &amp#27;[34mINFO &amp#27;[0;39m &amp#27;[36mkafka.log.LogManager&amp#27;[0;39m.&amp#27;[33minfo&amp#27;[0;39m:&amp#27;[37m69&amp#27;[0;39m — Loading logs from log dirs ArrayBuffer(/var/folders/pd/n1ldqls54mqblskv88t11ccm0000gn/T/kafka-7894323199852710434/combined_0_0)
&amp#27;[30m2026-07-24 13:04:55,412&amp#27;[0;39m [&amp#27;[34mquorum-controller-0-event-handler&amp#27;[0;39m] &amp#27;[35m6108&amp#27;[0;39m &amp#27;[34mINFO &amp#27;[0;39m &amp#27;[36mo.a.k.c.ClusterControlManager&amp#27;[0;39m.&amp#27;[33mregisterBroker&amp#27;[0;39m:&amp#27;[37m439&amp#27;[0;39m — [QuorumController id=0] No previous registration found for broker 0. New incarnation ID is Jn0wJO0MQem91UHrE3vOFw.  Generated 0 record(s) to clean up previous incarnations. New broker epoch is 11.
&amp#27;[30m2026-07-24 13:04:55,413&amp#27;[0;39m [&amp#27;[34mkafka-0-metadata-loader-event-handler&amp#27;[0;39m] &amp#27;[35m6108&amp#27;[0;39m &amp#27;[34mINFO &amp#27;[0;39m &amp#27;[36mkafka.log.LogManager&amp#27;[0;39m.&amp#27;[33minfo&amp#27;[0;39m:&amp#27;[37m69&amp#27;[0;39m — No logs found to be loaded in /var/folders/pd/n1ldqls54mqblskv88t11ccm0000gn/T/kafka-7894323199852710434/combined_0_0
&amp#27;[30m2026-07-24 13:04:55,415&amp#27;[0;39m [&amp#27;[34mquorum-controller-0-event-handler&amp#27;[0;39m] &amp#27;[35m6108&amp#27;[0;39m &amp#27;[34mINFO &amp#27;[0;39m &amp#27;[36mo.a.k.c.ClusterControlManager&amp#27;[0;39m.&amp#27;[33mreplay&amp#27;[0;39m:&amp#27;[37m581&amp#27;[0;39m — [QuorumController id=0] Replayed initial RegisterBrokerRecord for broker 0: RegisterBrokerRecord(brokerId=0, isMigratingZkBroker=false, incarnationId=Jn0wJO0MQem91UHrE3vOFw, brokerEpoch=11, endPoints=[BrokerEndpoint(name='EXTERNAL', host='localhost', port=51896, securityProtocol=0)], features=[BrokerFeature(name='group.version', minSupportedVersion=0, maxSupportedVersion=1), BrokerFeature(name='kraft.version', minSupportedVersion=0, maxSupportedVersion=1), BrokerFeature(name='metadata.version', minSupportedVersion=7, maxSupportedVersion=29), BrokerFeature(name='share.version', minSupportedVersion=0, maxSupportedVersion=1), BrokerFeature(name='streams.version', minSupportedVersion=0, maxSupportedVersion=1), BrokerFeature(name='transaction.version', minSupportedVersion=0, maxSupportedVersion=2), BrokerFeature(name='eligible.leader.replicas.version', minSupportedVersion=0, maxSupportedVersion=1)], rack=null, fenced=true, inControlledShutdown=false, logDirs=[HW9AVpRH4fpN4MrmyalzEg])
&amp#27;[30m2026-07-24 13:04:55,418&amp#27;[0;39m [&amp#27;[34mkafka-0-metadata-loader-event-handler&amp#27;[0;39m] &amp#27;[35m6108&amp#27;[0;39m &amp#27;[34mINFO &amp#27;[0;39m &amp#27;[36mkafka.log.LogManager&amp#27;[0;39m.&amp#27;[33minfo&amp#27;[0;39m:&amp#27;[37m69&amp#27;[0;39m — Loaded 0 logs in 7ms
&amp#27;[30m2026-07-24 13:04:55,419&amp#27;[0;39m [&amp#27;[34mkafka-0-metadata-loader-event-handler&amp#27;[0;39m] &amp#27;[35m6108&amp#27;[0;39m &amp#27;[34mINFO &amp#27;[0;39m &amp#27;[36mkafka.log.LogManager&amp#27;[0;39m.&amp#27;[33minfo&amp#27;[0;39m:&amp#27;[37m69&amp#27;[0;39m — Starting log cleanup with a period of 300000 ms.
[...]
&amp#27;[30m2026-07-24 13:04:57,018&amp#27;[0;39m [&amp#27;[34mgroup-coordinator-event-processor-3&amp#27;[0;39m] &amp#27;[35m6108&amp#27;[0;39m &amp#27;[34mINFO &amp#27;[0;39m &amp#27;[36mo.a.k.c.group.GroupMetadataManager&amp#27;[0;39m.&amp#27;[33mclassicGroupJoinNewDynamicMember&amp#27;[0;39m:&amp#27;[37m6335&amp#27;[0;39m — [GroupCoordinator id=0 topic=__consumer_offsets partition=18] Dynamic member with unknown member id joins group ccr-kafka-retry-it in Empty state. Created a new member id cc-reporter-0-aa9299bf-4b1e-4705-aead-ceaa20b4831a and requesting the member to rejoin with this id.
&amp#27;[30m2026-07-24 13:04:57,019&amp#27;[0;39m [&amp#27;[34morg.springframework.kafka.KafkaListenerEndpointContainer#0-0-C-1&amp#27;[0;39m] &amp#27;[35m6108&amp#27;[0;39m &amp#27;[34mINFO &amp#27;[0;39m &amp#27;[36mo.a.k.c.c.i.ConsumerCoordinator&amp#27;[0;39m.&amp#27;[33mrequestRejoin&amp#27;[0;39m:&amp#27;[37m1109&amp#27;[0;39m — [Consumer clientId=cc-reporter-0, groupId=ccr-kafka-retry-it] Request joining group due to: need to re-join with the given member-id: cc-reporter-0-aa9299bf-4b1e-4705-aead-ceaa20b4831a
&amp#27;[30m2026-07-24 13:04:57,019&amp#27;[0;39m [&amp#27;[34morg.springframework.kafka.KafkaListenerEndpointContainer#0-0-C-1&amp#27;[0;39m] &amp#27;[35m6108&amp#27;[0;39m &amp#27;[34mINFO &amp#27;[0;39m &amp#27;[36mo.a.k.c.c.i.ConsumerCoordinator&amp#27;[0;39m.&amp#27;[33msendJoinGroupRequest&amp#27;[0;39m:&amp#27;[37m611&amp#27;[0;39m — [Consumer clientId=cc-reporter-0, groupId=ccr-kafka-retry-it] (Re-)joining group
&amp#27;[30m2026-07-24 13:04:57,023&amp#27;[0;39m [&amp#27;[34mgroup-coordinator-event-processor-3&amp#27;[0;39m] &amp#27;[35m6108&amp#27;[0;39m &amp#27;[34mINFO &amp#27;[0;39m &amp#27;[36mo.a.k.c.group.GroupMetadataManager&amp#27;[0;39m.&amp#27;[33mclassicGroupJoinExistingMember&amp#27;[0;39m:&amp#27;[37m6405&amp#27;[0;39m — [GroupCoordinator id=0 topic=__consumer_offsets partition=18] Pending dynamic member with id cc-reporter-0-aa9299bf-4b1e-4705-aead-ceaa20b4831a joins group ccr-kafka-retry-it in Empty state. Adding to the group now.
&amp#27;[30m2026-07-24 13:04:57,024&amp#27;[0;39m [&amp#27;[34mgroup-coordinator-event-processor-3&amp#27;[0;39m] &amp#27;[35m6108&amp#27;[0;39m &amp#27;[34mINFO &amp#27;[0;39m &amp#27;[36mo.a.k.c.group.GroupMetadataManager&amp#27;[0;39m.&amp#27;[33mprepareRebalance&amp#27;[0;39m:&amp#27;[37m6897&amp#27;[0;39m — [GroupCoordinator id=0 topic=__consumer_offsets partition=18] Preparing to rebalance group ccr-kafka-retry-it in state PreparingRebalance with old generation 0 (reason: Adding new member cc-reporter-0-aa9299bf-4b1e-4705-aead-ceaa20b4831a with group instance id null; client reason: need to re-join with the given member-id: cc-reporter-0-aa9299bf-4b1e-4705-aead-ceaa20b4831a).
&amp#27;[30m2026-07-24 13:04:57,030&amp#27;[0;39m [&amp#27;[34mgroup-coordinator-event-processor-1&amp#27;[0;39m] &amp#27;[35m6108&amp#27;[0;39m &amp#27;[34mINFO &amp#27;[0;39m &amp#27;[36mo.a.k.c.group.GroupMetadataManager&amp#27;[0;39m.&amp#27;[33mcompleteClassicGroupJoin&amp#27;[0;39m:&amp#27;[37m6607&amp#27;[0;39m — [GroupCoordinator id=0 topic=__consumer_offsets partition=18] Stabilized group ccr-kafka-retry-it generation 1 with 1 members.
&amp#27;[30m2026-07-24 13:04:57,031&amp#27;[0;39m [&amp#27;[34morg.springframework.kafka.KafkaListenerEndpointContainer#0-0-C-1&amp#27;[0;39m] &amp#27;[35m6108&amp#27;[0;39m &amp#27;[34mINFO &amp#27;[0;39m &amp#27;[36mo.a.k.c.c.i.ConsumerCoordinator&amp#27;[0;39m.&amp#27;[33mhandle&amp#27;[0;39m:&amp#27;[37m672&amp#27;[0;39m — [Consumer clientId=cc-reporter-0, groupId=ccr-kafka-retry-it] Successfully joined group with generation Generation{generationId=1, memberId='cc-reporter-0-aa9299bf-4b1e-4705-aead-ceaa20b4831a', protocol='range'}
&amp#27;[30m2026-07-24 13:04:57,035&amp#27;[0;39m [&amp#27;[34morg.springframework.kafka.KafkaListenerEndpointContainer#0-0-C-1&amp#27;[0;39m] &amp#27;[35m6108&amp#27;[0;39m &amp#27;[34mINFO &amp#27;[0;39m &amp#27;[36mo.a.k.c.c.i.ConsumerCoordinator&amp#27;[0;39m.&amp#27;[33monLeaderElected&amp#27;[0;39m:&amp#27;[37m703&amp#27;[0;39m — [Consumer clientId=cc-reporter-0, groupId=ccr-kafka-retry-it] Finished assignment for group at generation 1: {cc-reporter-0-aa9299bf-4b1e-4705-aead-ceaa20b4831a=Assignment(partitions=[ccr-payments-retry-test-0])}
&amp#27;[30m2026-07-24 13:04:57,037&amp#27;[0;39m [&amp#27;[34mgroup-coordinator-event-processor-1&amp#27;[0;39m] &amp#27;[35m6108&amp#27;[0;39m &amp#27;[34mINFO &amp#27;[0;39m &amp#27;[36mo.a.k.c.group.GroupMetadataManager&amp#27;[0;39m.&amp#27;[33mclassicGroupSyncToClassicGroup&amp#27;[0;39m:&amp#27;[37m7366&amp#27;[0;39m — [GroupCoordinator id=0 topic=__consumer_offsets partition=18] Assignment received from leader cc-reporter-0-aa9299bf-4b1e-4705-aead-ceaa20b4831a for group ccr-kafka-retry-it for generation 1. The group has 1 members, 0 of which are static.
&amp#27;[30m2026-07-24 13:04:57,046&amp#27;[0;39m [&amp#27;[34morg.springframework.kafka.KafkaListenerEndpointContainer#0-0-C-1&amp#27;[0;39m] &amp#27;[35m6108&amp#27;[0;39m &amp#27;[34mINFO &amp#27;[0;39m &amp#27;[36mo.a.k.c.c.i.ConsumerCoordinator&amp#27;[0;39m.&amp#27;[33mhandle&amp#27;[0;39m:&amp#27;[37m849&amp#27;[0;39m — [Consumer clientId=cc-reporter-0, groupId=ccr-kafka-retry-it] Successfully synced group in generation Generation{generationId=1, memberId='cc-reporter-0-aa9299bf-4b1e-4705-aead-ceaa20b4831a', protocol='range'}
&amp#27;[30m2026-07-24 13:04:57,046&amp#27;[0;39m [&amp#27;[34morg.springframework.kafka.KafkaListenerEndpointContainer#0-0-C-1&amp#27;[0;39m] &amp#27;[35m6108&amp#27;[0;39m &amp#27;[34mINFO &amp#27;[0;39m &amp#27;[36mo.a.k.c.c.i.ConsumerCoordinator&amp#27;[0;39m.&amp#27;[33minvokeOnAssignment&amp#27;[0;39m:&amp#27;[37m363&amp#27;[0;39m — [Consumer clientId=cc-reporter-0, groupId=ccr-kafka-retry-it] Notifying assignor about the new Assignment(partitions=[ccr-payments-retry-test-0])
&amp#27;[30m2026-07-24 13:04:57,047&amp#27;[0;39m [&amp#27;[34morg.springframework.kafka.KafkaListenerEndpointContainer#0-0-C-1&amp#27;[0;39m] &amp#27;[35m6108&amp#27;[0;39m &amp#27;[34mINFO &amp#27;[0;39m &amp#27;[36mo.a.k.c.c.i.ConsumerRebalanceListenerInvoker&amp#27;[0;39m.&amp#27;[33minvokePartitionsAssigned&amp#27;[0;39m:&amp#27;[37m57&amp#27;[0;39m — [Consumer clientId=cc-reporter-0, groupId=ccr-kafka-retry-it] Adding newly assigned partitions: [ccr-payments-retry-test-0]
&amp#27;[30m2026-07-24 13:04:57,054&amp#27;[0;39m [&amp#27;[34morg.springframework.kafka.KafkaListenerEndpointContainer#0-0-C-1&amp#27;[0;39m] &amp#27;[35m6108&amp#27;[0;39m &amp#27;[34mINFO &amp#27;[0;39m &amp#27;[36mo.a.k.c.c.i.ConsumerCoordinator&amp#27;[0;39m.&amp#27;[33mhandle&amp#27;[0;39m:&amp#27;[37m1573&amp#27;[0;39m — [Consumer clientId=cc-reporter-0, groupId=ccr-kafka-retry-it] Found no committed offset for partition ccr-payments-retry-test-0
&amp#27;[30m2026-07-24 13:04:57,064&amp#27;[0;39m [&amp#27;[34morg.springframework.kafka.KafkaListenerEndpointContainer#0-0-C-1&amp#27;[0;39m] &amp#27;[35m6108&amp#27;[0;39m &amp#27;[34mINFO &amp#27;[0;39m &amp#27;[36mo.a.k.c.c.i.SubscriptionState&amp#27;[0;39m.&amp#27;[33mmaybeSeekUnvalidated&amp#27;[0;39m:&amp#27;[37m457&amp#27;[0;39m — [Consumer clientId=cc-reporter-0, groupId=ccr-kafka-retry-it] Resetting offset for partition ccr-payments-retry-test-0 to position FetchPosition{offset=0, offsetEpoch=Optional.empty, currentLeader=LeaderAndEpoch{leader=Optional[localhost:51896 (id: 0 rack: null isFenced: false)], epoch=0}}.
&amp#27;[30m2026-07-24 13:04:57,065&amp#27;[0;39m [&amp#27;[34morg.springframework.kafka.KafkaListenerEndpointContainer#0-0-C-1&amp#27;[0;39m] &amp#27;[35m6108&amp#27;[0;39m &amp#27;[34mINFO &amp#27;[0;39m &amp#27;[36mo.s.k.l.KafkaMessageListenerContainer&amp#27;[0;39m.&amp#27;[33minfo&amp#27;[0;39m:&amp#27;[37m292&amp#27;[0;39m — ccr-kafka-retry-it: partitions assigned: [ccr-payments-retry-test-0]
&amp#27;[30m2026-07-24 13:04:57,148&amp#27;[0;39m [&amp#27;[34mmain&amp#27;[0;39m] &amp#27;[35m6108&amp#27;[0;39m &amp#27;[34mINFO &amp#27;[0;39m &amp#27;[36mo.a.k.common.config.AbstractConfig&amp#27;[0;39m.&amp#27;[33mlogAll&amp#27;[0;39m:&amp#27;[37m380&amp#27;[0;39m — ProducerConfig values: 
	acks = -1
	batch.size = 16384
	bootstrap.servers = [localhost:51896]
	buffer.memory = 33554432
	client.dns.lookup = use_all_dns_ips
	client.id = producer-1
	compression.gzip.level = -1
	compression.lz4.level = 9
	compression.type = none
	compression.zstd.level = 3
	connections.max.idle.ms = 540000
	delivery.timeout.ms = 120000
	enable.idempotence = true
	enable.metrics.push = true
	interceptor.classes = []
	key.serializer = class org.apache.kafka.common.serialization.StringSerializer
	linger.ms = 0
	max.block.ms = 60000
	max.in.flight.requests.per.connection = 5
	max.request.size = 1048576
	metadata.max.age.ms = 300000
	metadata.max.idle.ms = 300000
	metadata.recovery.rebootstrap.trigger.ms = 300000
	metadata.recovery.strategy = rebootstrap
	metric.reporters = [org.apache.kafka.common.metrics.JmxReporter]
	metrics.num.samples = 2
	metrics.recording.level = INFO
	metrics.sample.window.ms = 30000
	partitioner.adaptive.partitioning.enable = true
	partitioner.availability.timeout.ms = 0
	partitioner.class = null
	partitioner.ignore.keys = false
	receive.buffer.bytes = 32768
	reconnect.backoff.max.ms = 1000
	reconnect.backoff.ms = 50
	request.timeout.ms = 30000
	retries = 2147483647
	retry.backoff.max.ms = 1000
	retry.backoff.ms = 100
	sasl.client.callback.handler.class = null
	sasl.jaas.config = null
	sasl.kerberos.kinit.cmd = /usr/bin/kinit
	sasl.kerberos.min.time.before.relogin = 60000
	sasl.kerberos.service.name = null
	sasl.kerberos.ticket.renew.jitter = 0.05
	sasl.kerberos.ticket.renew.window.factor = 0.8
	sasl.login.callback.handler.class = null
	sasl.login.class = null
	sasl.login.connect.timeout.ms = null
	sasl.login.read.timeout.ms = null
	sasl.login.refresh.buffer.seconds = 300
	sasl.login.refresh.min.period.seconds = 60
	sasl.login.refresh.window.factor = 0.8
	sasl.login.refresh.window.jitter = 0.05
	sasl.login.retry.backoff.max.ms = 10000
	sasl.login.retry.backoff.ms = 100
	sasl.mechanism = GSSAPI
	sasl.oauthbearer.assertion.algorithm = RS256
	sasl.oauthbearer.assertion.claim.aud = null
	sasl.oauthbearer.assertion.claim.exp.seconds = 300
	sasl.oauthbearer.assertion.claim.iss = null
	sasl.oauthbearer.assertion.claim.jti.include = false
	sasl.oauthbearer.assertion.claim.nbf.seconds = 60
	sasl.oauthbearer.assertion.claim.sub = null
	sasl.oauthbearer.assertion.file = null
	sasl.oauthbearer.assertion.private.key.file = null
	sasl.oauthbearer.assertion.private.key.passphrase = null
	sasl.oauthbearer.assertion.template.file = null
	sasl.oauthbearer.client.credentials.client.id = null
	sasl.oauthbearer.client.credentials.client.secret = null
	sasl.oauthbearer.clock.skew.seconds = 30
	sasl.oauthbearer.expected.audience = null
	sasl.oauthbearer.expected.issuer = null
	sasl.oauthbearer.header.urlencode = false
	sasl.oauthbearer.jwks.endpoint.refresh.ms = 3600000
	sasl.oauthbearer.jwks.endpoint.retry.backoff.max.ms = 10000
	sasl.oauthbearer.jwks.endpoint.retry.backoff.ms = 100
	sasl.oauthbearer.jwks.endpoint.url = null
	sasl.oauthbearer.jwt.retriever.class = class org.apache.kafka.common.security.oauthbearer.DefaultJwtRetriever
	sasl.oauthbearer.jwt.validator.class = class org.apache.kafka.common.security.oauthbearer.DefaultJwtValidator
	sasl.oauthbearer.scope = null
	sasl.oauthbearer.scope.claim.name = scope
	sasl.oauthbearer.sub.claim.name = sub
	sasl.oauthbearer.token.endpoint.url = null
	security.protocol = PLAINTEXT
	security.providers = null
	send.buffer.bytes = 131072
	socket.connection.setup.timeout.max.ms = 30000
	socket.connection.setup.timeout.ms = 10000
	ssl.cipher.suites = null
	ssl.enabled.protocols = [TLSv1.2, TLSv1.3]
	ssl.endpoint.identification.algorithm = https
	ssl.engine.factory.class = null
	ssl.key.password = null
	ssl.keymanager.algorithm = SunX509
	ssl.keystore.certificate.chain = null
	ssl.keystore.key = null
	ssl.keystore.location = null
	ssl.keystore.password = null
	ssl.keystore.type = JKS
	ssl.protocol = TLSv1.3
	ssl.provider = null
	ssl.secure.random.implementation = null
	ssl.trustmanager.algorithm = PKIX
	ssl.truststore.certificates = null
	ssl.truststore.location = null
	ssl.truststore.password = null
	ssl.truststore.type = JKS
	transaction.timeout.ms = 60000
	transaction.two.phase.commit.enable = false
	transactional.id = null
	value.serializer = class org.apache.kafka.common.serialization.ByteArraySerializer

&amp#27;[30m2026-07-24 13:04:57,149&amp#27;[0;39m [&amp#27;[34mmain&amp#27;[0;39m] &amp#27;[35m6108&amp#27;[0;39m &amp#27;[34mINFO &amp#27;[0;39m &amp#27;[36mo.a.k.c.t.i.KafkaMetricsCollector&amp#27;[0;39m.&amp#27;[33minit&amp#27;[0;39m:&amp#27;[37m270&amp#27;[0;39m — initializing Kafka metrics collector
&amp#27;[30m2026-07-24 13:04:57,153&amp#27;[0;39m [&amp#27;[34mmain&amp#27;[0;39m] &amp#27;[35m6108&amp#27;[0;39m &amp#27;[34mINFO &amp#27;[0;39m &amp#27;[36mo.a.k.clients.producer.KafkaProducer&amp#27;[0;39m.&amp#27;[33mconfigureTransactionState&amp#27;[0;39m:&amp#27;[37m614&amp#27;[0;39m — [Producer clientId=producer-1] Instantiated an idempotent producer.
&amp#27;[30m2026-07-24 13:04:57,161&amp#27;[0;39m [&amp#27;[34mmain&amp#27;[0;39m] &amp#27;[35m6108&amp#27;[0;39m &amp#27;[34mINFO &amp#27;[0;39m &amp#27;[36mo.a.kafka.common.utils.AppInfoParser&amp#27;[0;39m.&amp#27;[33m<init>&amp#27;[0;39m:&amp#27;[37m125&amp#27;[0;39m — Kafka version: 4.1.1
&amp#27;[30m2026-07-24 13:04:57,161&amp#27;[0;39m [&amp#27;[34mmain&amp#27;[0;39m] &amp#27;[35m6108&amp#27;[0;39m &amp#27;[34mINFO &amp#27;[0;39m &amp#27;[36mo.a.kafka.common.utils.AppInfoParser&amp#27;[0;39m.&amp#27;[33m<init>&amp#27;[0;39m:&amp#27;[37m126&amp#27;[0;39m — Kafka commitId: be816b82d25370ce
&amp#27;[30m2026-07-24 13:04:57,161&amp#27;[0;39m [&amp#27;[34mmain&amp#27;[0;39m] &amp#27;[35m6108&amp#27;[0;39m &amp#27;[34mINFO &amp#27;[0;39m &amp#27;[36mo.a.kafka.common.utils.AppInfoParser&amp#27;[0;39m.&amp#27;[33m<init>&amp#27;[0;39m:&amp#27;[37m127&amp#27;[0;39m — Kafka startTimeMs: 1784873097161
&amp#27;[30m2026-07-24 13:04:57,164&amp#27;[0;39m [&amp#27;[34mkafka-producer-network-thread | producer-1&amp#27;[0;39m] &amp#27;[35m6108&amp#27;[0;39m &amp#27;[34mINFO &amp#27;[0;39m &amp#27;[36morg.apache.kafka.clients.Metadata&amp#27;[0;39m.&amp#27;[33mupdate&amp#27;[0;39m:&amp#27;[37m365&amp#27;[0;39m — [Producer clientId=producer-1] Cluster ID: Eyu2OE1eR0SFFqGphe2_Eg
&amp#27;[30m2026-07-24 13:04:57,167&amp#27;[0;39m [&amp#27;[34mquorum-controller-0-event-handler&amp#27;[0;39m] &amp#27;[35m6108&amp#27;[0;39m &amp#27;[34mINFO &amp#27;[0;39m &amp#27;[36mo.a.k.c.ProducerIdControlManager&amp#27;[0;39m.&amp#27;[33mreplay&amp#27;[0;39m:&amp#27;[37m116&amp#27;[0;39m — [QuorumController id=0] Replaying ProducerIdsRecord ProducerIdsRecord(brokerId=0, brokerEpoch=11, nextProducerId=1000)
&amp#27;[30m2026-07-24 13:04:57,274&amp#27;[0;39m [&amp#27;[34mkafka-producer-network-thread | producer-1&amp#27;[0;39m] &amp#27;[35m6108&amp#27;[0;39m &amp#27;[34mINFO &amp#27;[0;39m &amp#27;[36mo.a.k.c.p.i.TransactionManager&amp#27;[0;39m.&amp#27;[33msetProducerIdAndEpoch&amp#27;[0;39m:&amp#27;[37m608&amp#27;[0;39m — [Producer clientId=producer-1] ProducerId set to 0 with epoch 0
&amp#27;[30m2026-07-24 13:04:57,293&amp#27;[0;39m [&amp#27;[34mmain&amp#27;[0;39m] &amp#27;[35m6108&amp#27;[0;39m &amp#27;[34mINFO &amp#27;[0;39m &amp#27;[36mo.a.k.clients.producer.KafkaProducer&amp#27;[0;39m.&amp#27;[33mclose&amp#27;[0;39m:&amp#27;[37m1391&amp#27;[0;39m — [Producer clientId=producer-1] Closing the Kafka producer with timeoutMillis = 9223372036854775807 ms.
&amp#27;[30m2026-07-24 13:04:57,296&amp#27;[0;39m [&amp#27;[34mmain&amp#27;[0;39m] &amp#27;[35m6108&amp#27;[0;39m &amp#27;[34mINFO &amp#27;[0;39m &amp#27;[36mo.a.kafka.common.metrics.Metrics&amp#27;[0;39m.&amp#27;[33mclose&amp#27;[0;39m:&amp#27;[37m684&amp#27;[0;39m — Metrics scheduler closed
&amp#27;[30m2026-07-24 13:04:57,296&amp#27;[0;39m [&amp#27;[34mmain&amp#27;[0;39m] &amp#27;[35m6108&amp#27;[0;39m &amp#27;[34mINFO &amp#27;[0;39m &amp#27;[36mo.a.kafka.common.metrics.Metrics&amp#27;[0;39m.&amp#27;[33mclose&amp#27;[0;39m:&amp#27;[37m688&amp#27;[0;39m — Closing reporter org.apache.kafka.common.metrics.JmxReporter
&amp#27;[30m2026-07-24 13:04:57,296&amp#27;[0;39m [&amp#27;[34mmain&amp#27;[0;39m] &amp#27;[35m6108&amp#27;[0;39m &amp#27;[34mINFO &amp#27;[0;39m &amp#27;[36mo.a.kafka.common.metrics.Metrics&amp#27;[0;39m.&amp#27;[33mclose&amp#27;[0;39m:&amp#27;[37m688&amp#27;[0;39m — Closing reporter org.apache.kafka.common.telemetry.internals.ClientTelemetryReporter
&amp#27;[30m2026-07-24 13:04:57,296&amp#27;[0;39m [&amp#27;[34mmain&amp#27;[0;39m] &amp#27;[35m6108&amp#27;[0;39m &amp#27;[34mINFO &amp#27;[0;39m &amp#27;[36mo.a.kafka.common.metrics.Metrics&amp#27;[0;39m.&amp#27;[33mclose&amp#27;[0;39m:&amp#27;[37m694&amp#27;[0;39m — Metrics reporters closed
&amp#27;[30m2026-07-24 13:04:57,297&amp#27;[0;39m [&amp#27;[34mmain&amp#27;[0;39m] &amp#27;[35m6108&amp#27;[0;39m &amp#27;[34mINFO &amp#27;[0;39m &amp#27;[36mo.a.kafka.common.utils.AppInfoParser&amp#27;[0;39m.&amp#27;[33munregisterAppInfo&amp#27;[0;39m:&amp#27;[37m89&amp#27;[0;39m — App info kafka.producer for producer-1 unregistered
&amp#27;[30m2026-07-24 13:04:57,426&amp#27;[0;39m [&amp#27;[34morg.springframework.kafka.KafkaListenerEndpointContainer#0-0-C-1&amp#27;[0;39m] &amp#27;[35m6108&amp#27;[0;39m &amp#27;[34mINFO &amp#27;[0;39m &amp#27;[36md.v.c.k.l.PaymentEventListener&amp#27;[0;39m.&amp#27;[33mhandleBatch&amp#27;[0;39m:&amp#27;[37m19&amp#27;[0;39m — Processed payments batch: topic='ccr-payments-retry-test', partition=0, offset={0...0}, createdAt={2026-07-24T06:04:57.164Z...2026-07-24T06:04:57.164Z}, keySize={min=18, max=18, avg=18,00}, valueSize={min=425, max=425, avg=425,00}, count=1
&amp#27;[30m2026-07-24 13:04:57,447&amp#27;[0;39m [&amp#27;[34morg.springframework.kafka.KafkaListenerEndpointContainer#0-0-C-1&amp#27;[0;39m] &amp#27;[35m6108&amp#27;[0;39m &amp#27;[34mINFO &amp#27;[0;39m &amp#27;[36md.v.c.k.l.PaymentEventListener&amp#27;[0;39m.&amp#27;[33mhandleBatch&amp#27;[0;39m:&amp#27;[37m19&amp#27;[0;39m — Processed payments batch: topic='ccr-payments-retry-test', partition=0, offset={1...3}, createdAt={2026-07-24T06:04:57.289Z...2026-07-24T06:04:57.292Z}, keySize={min=18, max=18, avg=18,00}, valueSize={min=178, max=313, avg=267,67}, count=3
]]></system-out>
    <system-err><![CDATA[13:04:54,746 |-WARN in ch.qos.logback.core.model.processor.conditional.IfModelHandler - The 'condition' attribute in <if> element is deprecated and slated for removal. Use <condition> element instead.
13:04:54,746 |-WARN in ch.qos.logback.core.model.processor.conditional.IfModelHandler - See also https://logback.qos.ch/codes.html#conditionAttributeDeprecation
13:04:54,747 |-WARN in ch.qos.logback.core.model.processor.conditional.IfModelHandler - The 'condition' attribute in <if> element is deprecated and slated for removal. Use <condition> element instead.
13:04:54,747 |-WARN in ch.qos.logback.core.model.processor.conditional.IfModelHandler - See also https://logback.qos.ch/codes.html#conditionAttributeDeprecation
13:04:54,748 |-WARN in ch.qos.logback.core.model.processor.conditional.IfModelHandler - The 'condition' attribute in <if> element is deprecated and slated for removal. Use <condition> element instead.
13:04:54,748 |-WARN in ch.qos.logback.core.model.processor.conditional.IfModelHandler - See also https://logback.qos.ch/codes.html#conditionAttributeDeprecation
]]></system-err>
  </testcase>
</testsuite>