<?xml version="1.0" encoding="UTF-8"?>
<testsuite xmlns:xsi="http://www.w3.org/2001/XMLSchema-instance" xsi:noNamespaceSchemaLocation="https://maven.apache.org/surefire/maven-surefire-plugin/xsd/surefire-test-report.xsd" version="3.0.2" name="dev.vality.ccreporter.integration.IngestionToReportLifecycleIntegrationTest" time="0.296" tests="6" errors="0" skipped="0" failures="0">
  <properties>
[...]
</properties>
  <testcase name="realPaymentFixtureRunsThroughIngestionAndReportLifecycle" classname="dev.vality.ccreporter.integration.IngestionToReportLifecycleIntegrationTest" time="0.058">
    <system-out><![CDATA[&amp#27;[30m2026-07-24 13:04:58,645&amp#27;[0;39m [&amp#27;[34mmain&amp#27;[0;39m] &amp#27;[35m6108&amp#27;[0;39m &amp#27;[34mINFO &amp#27;[0;39m &amp#27;[36mo.s.t.c.s.AnnotationConfigContextLoaderUtils&amp#27;[0;39m.&amp#27;[33mdetectDefaultConfigurationClasses&amp#27;[0;39m:&amp#27;[37m83&amp#27;[0;39m — Could not detect default configuration classes for test class [dev.vality.ccreporter.integration.IngestionToReportLifecycleIntegrationTest]: IngestionToReportLifecycleIntegrationTest does not declare any static, non-private, non-final, nested classes annotated with @Configuration.
&amp#27;[30m2026-07-24 13:04:58,646&amp#27;[0;39m [&amp#27;[34mmain&amp#27;[0;39m] &amp#27;[35m6108&amp#27;[0;39m &amp#27;[34mINFO &amp#27;[0;39m &amp#27;[36mo.s.b.t.c.SpringBootTestContextBootstrapper&amp#27;[0;39m.&amp#27;[33mgetOrFindConfigurationClasses&amp#27;[0;39m:&amp#27;[37m211&amp#27;[0;39m — Found @SpringBootConfiguration dev.vality.ccreporter.ServiceApplication for test class dev.vality.ccreporter.integration.IngestionToReportLifecycleIntegrationTest
&amp#27;[30m2026-07-24 13:04:58,658&amp#27;[0;39m [&amp#27;[34mmain&amp#27;[0;39m] &amp#27;[35m6108&amp#27;[0;39m &amp#27;[34mINFO &amp#27;[0;39m &amp#27;[36mo.s.boot.tomcat.TomcatWebServer&amp#27;[0;39m.&amp#27;[33mstart&amp#27;[0;39m:&amp#27;[37m240&amp#27;[0;39m — Tomcat started on port 51917 (http) with context path '/'
&amp#27;[30m2026-07-24 13:04:58,702&amp#27;[0;39m [&amp#27;[34mmain&amp#27;[0;39m] &amp#27;[35m6108&amp#27;[0;39m &amp#27;[34mINFO &amp#27;[0;39m &amp#27;[36md.v.c.handler.ReportingHandler&amp#27;[0;39m.&amp#27;[33mhandleRequest&amp#27;[0;39m:&amp#27;[37m17&amp#27;[0;39m — Handling thrift CreateReport: reportType=payments, fileType=csv, timezone=null, idempotencyKeyPresent=true, queryBranch=payments
&amp#27;[30m2026-07-24 13:04:58,705&amp#27;[0;39m [&amp#27;[34mmain&amp#27;[0;39m] &amp#27;[35m6108&amp#27;[0;39m &amp#27;[34mINFO &amp#27;[0;39m &amp#27;[36md.v.c.handler.ReportingHandler&amp#27;[0;39m.&amp#27;[33mhandleRequest&amp#27;[0;39m:&amp#27;[37m20&amp#27;[0;39m — Handled thrift CreateReport: reportId=26
&amp#27;[30m2026-07-24 13:04:58,713&amp#27;[0;39m [&amp#27;[34mmain&amp#27;[0;39m] &amp#27;[35m6108&amp#27;[0;39m &amp#27;[34mINFO &amp#27;[0;39m &amp#27;[36md.v.c.handler.ReportingHandler&amp#27;[0;39m.&amp#27;[33mhandleRequest&amp#27;[0;39m:&amp#27;[37m17&amp#27;[0;39m — Handling thrift GetReport: reportId=26
&amp#27;[30m2026-07-24 13:04:58,716&amp#27;[0;39m [&amp#27;[34mmain&amp#27;[0;39m] &amp#27;[35m6108&amp#27;[0;39m &amp#27;[34mINFO &amp#27;[0;39m &amp#27;[36md.v.c.handler.ReportingHandler&amp#27;[0;39m.&amp#27;[33mhandleRequest&amp#27;[0;39m:&amp#27;[37m20&amp#27;[0;39m — Handled thrift GetReport: reportId=26, status=created, filePresent=true
]]></system-out>
  </testcase>
  <testcase name="realWithdrawalFixtureRunsThroughIngestionAndReportLifecycle" classname="dev.vality.ccreporter.integration.IngestionToReportLifecycleIntegrationTest" time="0.049">
    <system-out><![CDATA[&amp#27;[30m2026-07-24 13:04:58,757&amp#27;[0;39m [&amp#27;[34mmain&amp#27;[0;39m] &amp#27;[35m6108&amp#27;[0;39m &amp#27;[34mINFO &amp#27;[0;39m &amp#27;[36md.v.c.handler.ReportingHandler&amp#27;[0;39m.&amp#27;[33mhandleRequest&amp#27;[0;39m:&amp#27;[37m17&amp#27;[0;39m — Handling thrift CreateReport: reportType=withdrawals, fileType=csv, timezone=null, idempotencyKeyPresent=true, queryBranch=withdrawals
&amp#27;[30m2026-07-24 13:04:58,759&amp#27;[0;39m [&amp#27;[34mmain&amp#27;[0;39m] &amp#27;[35m6108&amp#27;[0;39m &amp#27;[34mINFO &amp#27;[0;39m &amp#27;[36md.v.c.handler.ReportingHandler&amp#27;[0;39m.&amp#27;[33mhandleRequest&amp#27;[0;39m:&amp#27;[37m20&amp#27;[0;39m — Handled thrift CreateReport: reportId=27
&amp#27;[30m2026-07-24 13:04:58,766&amp#27;[0;39m [&amp#27;[34mmain&amp#27;[0;39m] &amp#27;[35m6108&amp#27;[0;39m &amp#27;[34mINFO &amp#27;[0;39m &amp#27;[36md.v.c.handler.ReportingHandler&amp#27;[0;39m.&amp#27;[33mhandleRequest&amp#27;[0;39m:&amp#27;[37m17&amp#27;[0;39m — Handling thrift GetReport: reportId=27
&amp#27;[30m2026-07-24 13:04:58,767&amp#27;[0;39m [&amp#27;[34mmain&amp#27;[0;39m] &amp#27;[35m6108&amp#27;[0;39m &amp#27;[34mINFO &amp#27;[0;39m &amp#27;[36md.v.c.handler.ReportingHandler&amp#27;[0;39m.&amp#27;[33mhandleRequest&amp#27;[0;39m:&amp#27;[37m20&amp#27;[0;39m — Handled thrift GetReport: reportId=27, status=created, filePresent=true
]]></system-out>
  </testcase>
  <testcase name="withdrawalCollectionFixtureBuildsMultiRowReport" classname="dev.vality.ccreporter.integration.IngestionToReportLifecycleIntegrationTest" time="0.043">
    <system-out><![CDATA[&amp#27;[30m2026-07-24 13:04:58,802&amp#27;[0;39m [&amp#27;[34mmain&amp#27;[0;39m] &amp#27;[35m6108&amp#27;[0;39m &amp#27;[34mINFO &amp#27;[0;39m &amp#27;[36md.v.c.handler.ReportingHandler&amp#27;[0;39m.&amp#27;[33mhandleRequest&amp#27;[0;39m:&amp#27;[37m17&amp#27;[0;39m — Handling thrift CreateReport: reportType=withdrawals, fileType=csv, timezone=null, idempotencyKeyPresent=true, queryBranch=withdrawals
&amp#27;[30m2026-07-24 13:04:58,804&amp#27;[0;39m [&amp#27;[34mmain&amp#27;[0;39m] &amp#27;[35m6108&amp#27;[0;39m &amp#27;[34mINFO &amp#27;[0;39m &amp#27;[36md.v.c.handler.ReportingHandler&amp#27;[0;39m.&amp#27;[33mhandleRequest&amp#27;[0;39m:&amp#27;[37m20&amp#27;[0;39m — Handled thrift CreateReport: reportId=28
&amp#27;[30m2026-07-24 13:04:58,810&amp#27;[0;39m [&amp#27;[34mmain&amp#27;[0;39m] &amp#27;[35m6108&amp#27;[0;39m &amp#27;[34mINFO &amp#27;[0;39m &amp#27;[36md.v.c.handler.ReportingHandler&amp#27;[0;39m.&amp#27;[33mhandleRequest&amp#27;[0;39m:&amp#27;[37m17&amp#27;[0;39m — Handling thrift GetReport: reportId=28
&amp#27;[30m2026-07-24 13:04:58,812&amp#27;[0;39m [&amp#27;[34mmain&amp#27;[0;39m] &amp#27;[35m6108&amp#27;[0;39m &amp#27;[34mINFO &amp#27;[0;39m &amp#27;[36md.v.c.handler.ReportingHandler&amp#27;[0;39m.&amp#27;[33mhandleRequest&amp#27;[0;39m:&amp#27;[37m20&amp#27;[0;39m — Handled thrift GetReport: reportId=28, status=created, filePresent=true
]]></system-out>
  </testcase>
  <testcase name="paymentsReportLifecycleRunsFromIngestionToPresignedUrl" classname="dev.vality.ccreporter.integration.IngestionToReportLifecycleIntegrationTest" time="0.019">
    <system-out><![CDATA[&amp#27;[30m2026-07-24 13:04:58,819&amp#27;[0;39m [&amp#27;[34mmain&amp#27;[0;39m] &amp#27;[35m6108&amp#27;[0;39m &amp#27;[34mINFO &amp#27;[0;39m &amp#27;[36md.v.c.handler.ReportingHandler&amp#27;[0;39m.&amp#27;[33mhandleRequest&amp#27;[0;39m:&amp#27;[37m17&amp#27;[0;39m — Handling thrift CreateReport: reportType=payments, fileType=csv, timezone=null, idempotencyKeyPresent=true, queryBranch=payments
&amp#27;[30m2026-07-24 13:04:58,821&amp#27;[0;39m [&amp#27;[34mmain&amp#27;[0;39m] &amp#27;[35m6108&amp#27;[0;39m &amp#27;[34mINFO &amp#27;[0;39m &amp#27;[36md.v.c.handler.ReportingHandler&amp#27;[0;39m.&amp#27;[33mhandleRequest&amp#27;[0;39m:&amp#27;[37m20&amp#27;[0;39m — Handled thrift CreateReport: reportId=29
&amp#27;[30m2026-07-24 13:04:58,826&amp#27;[0;39m [&amp#27;[34mmain&amp#27;[0;39m] &amp#27;[35m6108&amp#27;[0;39m &amp#27;[34mINFO &amp#27;[0;39m &amp#27;[36md.v.c.handler.ReportingHandler&amp#27;[0;39m.&amp#27;[33mhandleRequest&amp#27;[0;39m:&amp#27;[37m17&amp#27;[0;39m — Handling thrift GetReport: reportId=29
&amp#27;[30m2026-07-24 13:04:58,827&amp#27;[0;39m [&amp#27;[34mmain&amp#27;[0;39m] &amp#27;[35m6108&amp#27;[0;39m &amp#27;[34mINFO &amp#27;[0;39m &amp#27;[36md.v.c.handler.ReportingHandler&amp#27;[0;39m.&amp#27;[33mhandleRequest&amp#27;[0;39m:&amp#27;[37m20&amp#27;[0;39m — Handled thrift GetReport: reportId=29, status=created, filePresent=true
&amp#27;[30m2026-07-24 13:04:58,827&amp#27;[0;39m [&amp#27;[34mmain&amp#27;[0;39m] &amp#27;[35m6108&amp#27;[0;39m &amp#27;[34mINFO &amp#27;[0;39m &amp#27;[36md.v.c.handler.ReportingHandler&amp#27;[0;39m.&amp#27;[33mhandleRequest&amp#27;[0;39m:&amp#27;[37m17&amp#27;[0;39m — Handling thrift GeneratePresignedUrl: fileId=stored-file-1, requestedExpiresAtPresent=false
&amp#27;[30m2026-07-24 13:04:58,828&amp#27;[0;39m [&amp#27;[34mmain&amp#27;[0;39m] &amp#27;[35m6108&amp#27;[0;39m &amp#27;[34mINFO &amp#27;[0;39m &amp#27;[36md.v.c.handler.ReportingHandler&amp#27;[0;39m.&amp#27;[33mhandleRequest&amp#27;[0;39m:&amp#27;[37m20&amp#27;[0;39m — Handled thrift GeneratePresignedUrl: urlGenerated=true
&amp#27;[30m2026-07-24 13:04:58,828&amp#27;[0;39m [&amp#27;[34mmain&amp#27;[0;39m] &amp#27;[35m6108&amp#27;[0;39m &amp#27;[34mINFO &amp#27;[0;39m &amp#27;[36md.v.c.handler.ReportingHandler&amp#27;[0;39m.&amp#27;[33mhandleRequest&amp#27;[0;39m:&amp#27;[37m17&amp#27;[0;39m — Handling thrift GetReports: limit=null, continuationTokenPresent=false, statusesCount=0, reportTypesCount=0, fileTypesCount=0, createdFromPresent=false, createdToPresent=false
&amp#27;[30m2026-07-24 13:04:58,829&amp#27;[0;39m [&amp#27;[34mmain&amp#27;[0;39m] &amp#27;[35m6108&amp#27;[0;39m &amp#27;[34mINFO &amp#27;[0;39m &amp#27;[36md.v.c.handler.ReportingHandler&amp#27;[0;39m.&amp#27;[33mhandleRequest&amp#27;[0;39m:&amp#27;[37m20&amp#27;[0;39m — Handled thrift GetReports: reportsCount=1, continuationTokenPresent=false
]]></system-out>
  </testcase>
  <testcase name="withdrawalsReportLifecycleRunsFromIngestionToPresignedUrl" classname="dev.vality.ccreporter.integration.IngestionToReportLifecycleIntegrationTest" time="0.023">
    <system-out><![CDATA[&amp#27;[30m2026-07-24 13:04:58,845&amp#27;[0;39m [&amp#27;[34mmain&amp#27;[0;39m] &amp#27;[35m6108&amp#27;[0;39m &amp#27;[34mINFO &amp#27;[0;39m &amp#27;[36md.v.c.handler.ReportingHandler&amp#27;[0;39m.&amp#27;[33mhandleRequest&amp#27;[0;39m:&amp#27;[37m17&amp#27;[0;39m — Handling thrift CreateReport: reportType=withdrawals, fileType=csv, timezone=null, idempotencyKeyPresent=true, queryBranch=withdrawals
&amp#27;[30m2026-07-24 13:04:58,846&amp#27;[0;39m [&amp#27;[34mmain&amp#27;[0;39m] &amp#27;[35m6108&amp#27;[0;39m &amp#27;[34mINFO &amp#27;[0;39m &amp#27;[36md.v.c.handler.ReportingHandler&amp#27;[0;39m.&amp#27;[33mhandleRequest&amp#27;[0;39m:&amp#27;[37m20&amp#27;[0;39m — Handled thrift CreateReport: reportId=30
&amp#27;[30m2026-07-24 13:04:58,851&amp#27;[0;39m [&amp#27;[34mmain&amp#27;[0;39m] &amp#27;[35m6108&amp#27;[0;39m &amp#27;[34mINFO &amp#27;[0;39m &amp#27;[36md.v.c.handler.ReportingHandler&amp#27;[0;39m.&amp#27;[33mhandleRequest&amp#27;[0;39m:&amp#27;[37m17&amp#27;[0;39m — Handling thrift GetReport: reportId=30
&amp#27;[30m2026-07-24 13:04:58,852&amp#27;[0;39m [&amp#27;[34mmain&amp#27;[0;39m] &amp#27;[35m6108&amp#27;[0;39m &amp#27;[34mINFO &amp#27;[0;39m &amp#27;[36md.v.c.handler.ReportingHandler&amp#27;[0;39m.&amp#27;[33mhandleRequest&amp#27;[0;39m:&amp#27;[37m20&amp#27;[0;39m — Handled thrift GetReport: reportId=30, status=created, filePresent=true
&amp#27;[30m2026-07-24 13:04:58,852&amp#27;[0;39m [&amp#27;[34mmain&amp#27;[0;39m] &amp#27;[35m6108&amp#27;[0;39m &amp#27;[34mINFO &amp#27;[0;39m &amp#27;[36md.v.c.handler.ReportingHandler&amp#27;[0;39m.&amp#27;[33mhandleRequest&amp#27;[0;39m:&amp#27;[37m17&amp#27;[0;39m — Handling thrift GeneratePresignedUrl: fileId=stored-file-1, requestedExpiresAtPresent=false
&amp#27;[30m2026-07-24 13:04:58,853&amp#27;[0;39m [&amp#27;[34mmain&amp#27;[0;39m] &amp#27;[35m6108&amp#27;[0;39m &amp#27;[34mINFO &amp#27;[0;39m &amp#27;[36md.v.c.handler.ReportingHandler&amp#27;[0;39m.&amp#27;[33mhandleRequest&amp#27;[0;39m:&amp#27;[37m20&amp#27;[0;39m — Handled thrift GeneratePresignedUrl: urlGenerated=true
&amp#27;[30m2026-07-24 13:04:58,854&amp#27;[0;39m [&amp#27;[34mmain&amp#27;[0;39m] &amp#27;[35m6108&amp#27;[0;39m &amp#27;[34mINFO &amp#27;[0;39m &amp#27;[36md.v.c.handler.ReportingHandler&amp#27;[0;39m.&amp#27;[33mhandleRequest&amp#27;[0;39m:&amp#27;[37m17&amp#27;[0;39m — Handling thrift GetReports: limit=null, continuationTokenPresent=false, statusesCount=0, reportTypesCount=0, fileTypesCount=0, createdFromPresent=false, createdToPresent=false
&amp#27;[30m2026-07-24 13:04:58,855&amp#27;[0;39m [&amp#27;[34mmain&amp#27;[0;39m] &amp#27;[35m6108&amp#27;[0;39m &amp#27;[34mINFO &amp#27;[0;39m &amp#27;[36md.v.c.handler.ReportingHandler&amp#27;[0;39m.&amp#27;[33mhandleRequest&amp#27;[0;39m:&amp#27;[37m20&amp#27;[0;39m — Handled thrift GetReports: reportsCount=1, continuationTokenPresent=false
]]></system-out>
  </testcase>
  <testcase name="paymentCollectionFixtureBuildsMultiRowReport" classname="dev.vality.ccreporter.integration.IngestionToReportLifecycleIntegrationTest" time="0.082">
    <system-out><![CDATA[&amp#27;[30m2026-07-24 13:04:58,931&amp#27;[0;39m [&amp#27;[34mmain&amp#27;[0;39m] &amp#27;[35m6108&amp#27;[0;39m &amp#27;[34mINFO &amp#27;[0;39m &amp#27;[36md.v.c.handler.ReportingHandler&amp#27;[0;39m.&amp#27;[33mhandleRequest&amp#27;[0;39m:&amp#27;[37m17&amp#27;[0;39m — Handling thrift CreateReport: reportType=payments, fileType=csv, timezone=null, idempotencyKeyPresent=true, queryBranch=payments
&amp#27;[30m2026-07-24 13:04:58,932&amp#27;[0;39m [&amp#27;[34mmain&amp#27;[0;39m] &amp#27;[35m6108&amp#27;[0;39m &amp#27;[34mINFO &amp#27;[0;39m &amp#27;[36md.v.c.handler.ReportingHandler&amp#27;[0;39m.&amp#27;[33mhandleRequest&amp#27;[0;39m:&amp#27;[37m20&amp#27;[0;39m — Handled thrift CreateReport: reportId=31
&amp#27;[30m2026-07-24 13:04:58,937&amp#27;[0;39m [&amp#27;[34mmain&amp#27;[0;39m] &amp#27;[35m6108&amp#27;[0;39m &amp#27;[34mINFO &amp#27;[0;39m &amp#27;[36md.v.c.handler.ReportingHandler&amp#27;[0;39m.&amp#27;[33mhandleRequest&amp#27;[0;39m:&amp#27;[37m17&amp#27;[0;39m — Handling thrift GetReport: reportId=31
&amp#27;[30m2026-07-24 13:04:58,937&amp#27;[0;39m [&amp#27;[34mmain&amp#27;[0;39m] &amp#27;[35m6108&amp#27;[0;39m &amp#27;[34mINFO &amp#27;[0;39m &amp#27;[36md.v.c.handler.ReportingHandler&amp#27;[0;39m.&amp#27;[33mhandleRequest&amp#27;[0;39m:&amp#27;[37m20&amp#27;[0;39m — Handled thrift GetReport: reportId=31, status=created, filePresent=true
]]></system-out>
  </testcase>
</testsuite>